\BOOKMARK [1][-]{section*.1}{Contenido}{}% 1
\BOOKMARK [1][-]{section*.2}{Lista de Figuras}{}% 2
\BOOKMARK [1][-]{section*.3}{Lista de Tablas}{}% 3
\BOOKMARK [1][-]{section*.4}{Lista de C\363digos}{}% 4
\BOOKMARK [1][-]{section*.5}{Lista de Algoritmos}{}% 5
\BOOKMARK [1][-]{section.1}{Introducci\363n}{}% 6
\BOOKMARK [1][-]{section.2}{Instalaci\363n y Configuraci\363n del Compilador y Editor de Texto}{}% 7
\BOOKMARK [2][-]{subsection.2.1}{Compilador: Miktex \(Windows\) o TexLive \(Windows/Linux\)}{section.2}% 8
\BOOKMARK [2][-]{subsection.2.2}{Editor de Texto: TeXstudio}{section.2}% 9
\BOOKMARK [3][-]{subsubsection.2.2.1}{Crear Macros}{subsection.2.2}% 10
\BOOKMARK [1][-]{section.3}{Estructura y distribuci\363n de los formatos}{}% 11
\BOOKMARK [2][-]{subsection.3.1}{Instalaci\363n de paquetes faltantes}{section.3}% 12
\BOOKMARK [2][-]{subsection.3.2}{Primera compilaci\363n completa para cualquier formato}{section.3}% 13
\BOOKMARK [1][-]{section.4}{Uso de estilos.sty}{}% 14
\BOOKMARK [1][-]{section.5}{Preamble/UMSAetn.cls}{}% 15
\BOOKMARK [2][-]{subsection.5.1}{Encabezado inicial}{section.5}% 16
\BOOKMARK [2][-]{subsection.5.2}{Entradas Bibliogr\341ficas}{section.5}% 17
\BOOKMARK [2][-]{subsection.5.3}{Paquetes color y xcolor}{section.5}% 18
\BOOKMARK [2][-]{subsection.5.4}{Configuraci\363n de Indice de palabras, Hyperlinks y Glosario/Acr\363nimos}{section.5}% 19
\BOOKMARK [3][-]{subsubsection.5.4.1}{Indizar palabras y agregar notas al pie}{subsection.5.4}% 20
\BOOKMARK [2][-]{subsection.5.5}{Paquete algorithm2e}{section.5}% 21
\BOOKMARK [2][-]{subsection.5.6}{Usar otros Fonts y usar s\355mbolo [\260] en mathmode}{section.5}% 22
\BOOKMARK [2][-]{subsection.5.7}{Paquetes gr\341ficos: eps, Tikz/PGF y circuitikz}{section.5}% 23
\BOOKMARK [3][-]{subsubsection.5.7.1}{Tikz/PGF}{subsection.5.7}% 24
\BOOKMARK [3][-]{subsubsection.5.7.2}{Circuitikz}{subsection.5.7}% 25
\BOOKMARK [3][-]{subsubsection.5.7.3}{Herramientas externas}{subsection.5.7}% 26
\BOOKMARK [2][-]{subsection.5.8}{Animaciones con GNUplot}{section.5}% 27
\BOOKMARK [2][-]{subsection.5.9}{Paquete Codehighlighting \(colorear c\363digos\)}{section.5}% 28
\BOOKMARK [3][-]{subsubsection.5.9.1}{Paquete listings}{subsection.5.9}% 29
\BOOKMARK [2][-]{subsection.5.10}{Paquete kvoptions}{section.5}% 30
\BOOKMARK [3][-]{subsubsection.5.10.1}{Opci\363n Journal}{subsection.5.10}% 31
\BOOKMARK [3][-]{subsubsection.5.10.2}{Opci\363n Article}{subsection.5.10}% 32
\BOOKMARK [3][-]{subsubsection.5.10.3}{Opci\363n Profile}{subsection.5.10}% 33
\BOOKMARK [3][-]{subsubsection.5.10.4}{Opci\363n Thesis}{subsection.5.10}% 34
\BOOKMARK [3][-]{subsubsection.5.10.5}{Opci\363n Tutorial}{subsection.5.10}% 35
\BOOKMARK [1][-]{section.6}{Preamble/Administrative.sty}{}% 36
\BOOKMARK [1][-]{section.7}{Backpages/Glossary.tex y Backpages/Acronyms.tex}{}% 37
\BOOKMARK [1][-]{section.8}{Formato JournalIEA.tex}{}% 38
\BOOKMARK [2][-]{subsection.8.1}{Paquete Pax}{section.8}% 39
\BOOKMARK [1][-]{section.9}{Formato Article1.tex}{}% 40
\BOOKMARK [1][-]{section.10}{Formato Profile.tex}{}% 41
\BOOKMARK [1][-]{section.11}{Formato Thesis.tex}{}% 42
\BOOKMARK [1][-]{section.12}{Formato MainTutorial.tex}{}% 43
\BOOKMARK [1][-]{section.13}{Modo matem\341tico}{}% 44
\BOOKMARK [2][-]{subsection.13.1}{TeXstudio/Wizards/MathAssistant}{section.13}% 45
\BOOKMARK [2][-]{subsection.13.2}{Entorno equation}{section.13}% 46
\BOOKMARK [2][-]{subsection.13.3}{Entorno align}{section.13}% 47
\BOOKMARK [2][-]{subsection.13.4}{Entorno eqnarray}{section.13}% 48
\BOOKMARK [1][-]{section.14}{Insertar tablas, figuras y subfiguras}{}% 49
\BOOKMARK [2][-]{subsection.14.1}{Insertar Tablas}{section.14}% 50
\BOOKMARK [2][-]{subsection.14.2}{Insertar Figuras}{section.14}% 51
\BOOKMARK [2][-]{subsection.14.3}{Paquete float}{section.14}% 52
\BOOKMARK [2][-]{subsection.14.4}{Subfiguras}{section.14}% 53
\BOOKMARK [1][-]{section.15}{Repositorios de Templates y recomendaciones}{}% 54
\BOOKMARK [1][-]{section*.22}{Bibliograf\355a}{}% 55
\BOOKMARK [1][-]{section*.23}{\315ndice de Palabras}{}% 56
\BOOKMARK [1][-]{section*.25}{Acr\363nimos}{}% 57
\BOOKMARK [1][-]{section*.27}{Glosario}{}% 58
