26 Nov 2016 11:37:31.601 INFO  Arara - Welcome to arara!
26 Nov 2016 11:37:31.605 INFO  Arara - Processing file 'Thesis.tex', please wait.
26 Nov 2016 11:37:31.607 INFO  DirectiveExtractor - Reading directives from Thesis.tex.
26 Nov 2016 11:37:31.609 TRACE DirectiveExtractor - Directive found in line 4 with pdflatex: { synctex: on, shell: yes }.
26 Nov 2016 11:37:31.675 TRACE DirectiveExtractor - Directive found in line 5 with bibtex.
26 Nov 2016 11:37:31.676 TRACE DirectiveExtractor - Directive found in line 6 with makeindex.
26 Nov 2016 11:37:31.676 TRACE DirectiveExtractor - Directive found in line 7 with makeglossaries.
26 Nov 2016 11:37:31.676 TRACE DirectiveExtractor - Directive found in line 8 with pdflatex: { synctex: on, shell: yes }.
26 Nov 2016 11:37:31.678 TRACE DirectiveExtractor - Directive found in line 9 with pdflatex: { synctex: on, shell: yes }.
26 Nov 2016 11:37:31.684 INFO  DirectiveParser - Parsing directives.
26 Nov 2016 11:37:31.687 INFO  TaskDeployer - Deploying tasks into commands.
26 Nov 2016 11:37:31.688 TRACE TaskDeployer - Task 'pdflatex' found in 'C:\Program Files\arara\rules'.
26 Nov 2016 11:37:31.852 TRACE TaskDeployer - Task 'bibtex' found in 'C:\Program Files\arara\rules'.
26 Nov 2016 11:37:31.856 TRACE TaskDeployer - Task 'makeindex' found in 'C:\Program Files\arara\rules'.
26 Nov 2016 11:37:31.868 TRACE TaskDeployer - Task 'makeglossaries' found in 'C:\Program Files\arara\rules'.
26 Nov 2016 11:37:31.874 TRACE TaskDeployer - Task 'pdflatex' found in 'C:\Program Files\arara\rules'.
26 Nov 2016 11:37:31.881 TRACE TaskDeployer - Task 'pdflatex' found in 'C:\Program Files\arara\rules'.
26 Nov 2016 11:37:31.891 INFO  CommandTrigger - Ready to run commands.
26 Nov 2016 11:37:31.891 INFO  CommandTrigger - Running 'PDFLaTeX'.
26 Nov 2016 11:37:31.891 TRACE CommandTrigger - Command: pdflatex   --shell-escape --synctex=1  "Thesis.tex"
26 Nov 2016 11:37:35.209 TRACE CommandTrigger - Output logging:
26 Nov 2016 11:37:35.211 TRACE CommandTrigger - This is pdfTeX, Version 3.14159265-2.6-1.40.17 (MiKTeX 2.9.6100)
entering extended mode
(Thesis.tex
LaTeX2e <2016/03/31> patch level 3
Babel <3.9r> and hyphenation patterns for 72 language(s) loaded.
(../Preamble/UMSAetn.cls

LaTeX Warning: You have requested document class `../Preamble/UMSAetn',
               but the document class provides `Preamble/UMSAetn'.

Document Class: Preamble/UMSAetn 2015/07/20 UMSA-ETN-Bolivia
("C:\Program Files (x86)\MiKTeX 2.9\tex\latex\oberdiek\kvoptions.sty"
("C:\Program Files (x86)\MiKTeX 2.9\tex\latex\graphics\keyval.sty")
("C:\Program Files (x86)\MiKTeX 2.9\tex\generic\oberdiek\ltxcmds.sty")
("C:\Program Files (x86)\MiKTeX 2.9\tex\generic\oberdiek\kvsetkeys.sty"
("C:\Program Files (x86)\MiKTeX 2.9\tex\generic\oberdiek\infwarerr.sty")
("C:\Program Files (x86)\MiKTeX 2.9\tex\generic\oberdiek\etexcmds.sty"
("C:\Program Files (x86)\MiKTeX 2.9\tex\generic\oberdiek\ifluatex.sty"))))
("C:\Program Files (x86)\MiKTeX 2.9\tex\latex\base\book.cls"
Document Class: book 2014/09/29 v1.4h Standard LaTeX document class
("C:\Program Files (x86)\MiKTeX 2.9\tex\latex\base\bk10.clo"))
("C:\Program Files (x86)\MiKTeX 2.9\tex\latex\geometry\geometry.sty"
("C:\Program Files (x86)\MiKTeX 2.9\tex\generic\oberdiek\ifpdf.sty")
("C:\Program Files (x86)\MiKTeX 2.9\tex\generic\oberdiek\ifvtex.sty")
("C:\Program Files (x86)\MiKTeX 2.9\tex\generic\ifxetex\ifxetex.sty")
("C:\Program Files (x86)\MiKTeX 2.9\tex\latex\geometry\geometry.cfg"))
("C:\Program Files (x86)\MiKTeX 2.9\tex\latex\ltxmisc\parskip.sty"))
("C:\Program Files (x86)\MiKTeX 2.9\tex\latex\base\inputenc.sty"
("C:\Program Files (x86)\MiKTeX 2.9\tex\latex\base\utf8.def"
("C:\Program Files (x86)\MiKTeX 2.9\tex\latex\base\t1enc.dfu")
("C:\Program Files (x86)\MiKTeX 2.9\tex\latex\base\ot1enc.dfu")
("C:\Program Files (x86)\MiKTeX 2.9\tex\latex\base\omsenc.dfu")))
("C:\Program Files (x86)\MiKTeX 2.9\tex\latex\base\fontenc.sty"
("C:\Program Files (x86)\MiKTeX 2.9\tex\latex\base\t1enc.def"))
("C:\Program Files (x86)\MiKTeX 2.9\tex\generic\babel\babel.sty"
*************************************
* Local config file bblopts.cfg used
*
("C:\Program Files (x86)\MiKTeX 2.9\tex\latex\arabi\bblopts.cfg")
("C:\Program Files (x86)\MiKTeX 2.9\tex\latex\babel-spanish\spanish.ldf"
("C:\Program Files (x86)\MiKTeX 2.9\tex\generic\babel\babel.def")))
("C:\Program Files (x86)\MiKTeX 2.9\tex\latex\lm\lmodern.sty")
("C:\Program Files (x86)\MiKTeX 2.9\tex\latex\amsmath\amsmath.sty"
For additional information on amsmath, use the `?' option.
("C:\Program Files (x86)\MiKTeX 2.9\tex\latex\amsmath\amstext.sty"
("C:\Program Files (x86)\MiKTeX 2.9\tex\latex\amsmath\amsgen.sty"))
("C:\Program Files (x86)\MiKTeX 2.9\tex\latex\amsmath\amsbsy.sty")
("C:\Program Files (x86)\MiKTeX 2.9\tex\latex\amsmath\amsopn.sty"))
("C:\Program Files (x86)\MiKTeX 2.9\tex\latex\amsfonts\amssymb.sty"
("C:\Program Files (x86)\MiKTeX 2.9\tex\latex\amsfonts\amsfonts.sty"))
("C:\Program Files (x86)\MiKTeX 2.9\tex\latex\base\latexsym.sty")
("C:\Program Files (x86)\MiKTeX 2.9\tex\latex\base\textcomp.sty"
("C:\Program Files (x86)\MiKTeX 2.9\tex\latex\base\ts1enc.def"
("C:\Program Files (x86)\MiKTeX 2.9\tex\latex\base\ts1enc.dfu")))
("C:\Program Files (x86)\MiKTeX 2.9\tex\latex\tools\array.sty")
("C:\Program Files (x86)\MiKTeX 2.9\tex\latex\multirow\multirow.sty")
("C:\Program Files (x86)\MiKTeX 2.9\tex\latex\booktabs\booktabs.sty")
("C:\Program Files (x86)\MiKTeX 2.9\tex\latex\tabulary\tabulary.sty")
("C:\Program Files (x86)\MiKTeX 2.9\tex\latex\graphics\graphicx.sty"
("C:\Program Files (x86)\MiKTeX 2.9\tex\latex\graphics\graphics.sty"
("C:\Program Files (x86)\MiKTeX 2.9\tex\latex\graphics\trig.sty")
("C:\Program Files (x86)\MiKTeX 2.9\tex\latex\graphics-cfg\graphics.cfg")
("C:\Program Files (x86)\MiKTeX 2.9\tex\latex\graphics-def\pdftex.def")))
("C:\Program Files (x86)\MiKTeX 2.9\tex\latex\caption\caption.sty"
("C:\Program Files (x86)\MiKTeX 2.9\tex\latex\caption\caption3.sty"))
("C:\Program Files (x86)\MiKTeX 2.9\tex\latex\float\float.sty")
("C:\Program Files (x86)\MiKTeX 2.9\tex\latex\subfigure\subfigure.sty"
****************************************
* Local config file subfigure.cfg used *
****************************************
("C:\Program Files (x86)\MiKTeX 2.9\tex\latex\subfigure\subfigure.cfg"))
("C:\Program Files (x86)\MiKTeX 2.9\tex\latex\tools\verbatim.sty")
("C:\Program Files (x86)\MiKTeX 2.9\tex\latex\easylist\easylist.sty")
("C:\Program Files (x86)\MiKTeX 2.9\tex\latex\biblatex\biblatex.sty"
("C:\Program Files (x86)\MiKTeX 2.9\tex\generic\oberdiek\pdftexcmds.sty")
("C:\Program Files (x86)\MiKTeX 2.9\tex\latex\etoolbox\etoolbox.sty")
("C:\Program Files (x86)\MiKTeX 2.9\tex\latex\logreq\logreq.sty"
("C:\Program Files (x86)\MiKTeX 2.9\tex\latex\logreq\logreq.def"))
("C:\Program Files (x86)\MiKTeX 2.9\tex\latex\base\ifthen.sty")
("C:\Program Files (x86)\MiKTeX 2.9\tex\latex\url\url.sty")
("C:\Program Files (x86)\MiKTeX 2.9\tex\latex\xstring\xstring.sty"
("C:\Program Files (x86)\MiKTeX 2.9\tex\generic\xstring\xstring.tex"))
("C:\Program Files (x86)\MiKTeX 2.9\tex\latex\biblatex\blx-dm.def")
("C:\Program Files (x86)\MiKTeX 2.9\tex\latex\biblatex\blx-compat.def")
("C:\Program Files (x86)\MiKTeX 2.9\tex\latex\biblatex\blx-bibtex.def"

Package biblatex Warning: Using fall-back BibTeX(8) backend:
(biblatex)                functionality may be reduced/unavailable.

) ("C:\Program Files (x86)\MiKTeX 2.9\tex\latex\biblatex\biblatex.def")
("C:\Program Files (x86)\MiKTeX 2.9\tex\latex\biblatex\blx-natbib.def")
("C:\Program Files (x86)\MiKTeX 2.9\tex\latex\biblatex\bbx\numeric.bbx"
("C:\Program Files (x86)\MiKTeX 2.9\tex\latex\biblatex\bbx\standard.bbx"))
("C:\Program Files (x86)\MiKTeX 2.9\tex\latex\biblatex\cbx\numeric.cbx")
("C:\Program Files (x86)\MiKTeX 2.9\tex\latex\biblatex\biblatex.cfg"))
("C:\Program Files (x86)\MiKTeX 2.9\tex\latex\graphics\color.sty"
("C:\Program Files (x86)\MiKTeX 2.9\tex\latex\graphics-cfg\color.cfg"))
("C:\Program Files (x86)\MiKTeX 2.9\tex\latex\xcolor\xcolor.sty"
("C:\Program Files (x86)\MiKTeX 2.9\tex\latex\graphics-cfg\color.cfg")
("C:\Program Files (x86)\MiKTeX 2.9\tex\latex\colortbl\colortbl.sty")
("C:\Program Files (x86)\MiKTeX 2.9\tex\latex\graphics\dvipsnam.def")
("C:\Program Files (x86)\MiKTeX 2.9\tex\latex\xcolor\svgnam.def")
("C:\Program Files (x86)\MiKTeX 2.9\tex\latex\xcolor\x11nam.def"))
("C:\Program Files (x86)\MiKTeX 2.9\tex\latex\imakeidx\imakeidx.sty"
("C:\Program Files (x86)\MiKTeX 2.9\tex\latex\xkeyval\xkeyval.sty"
("C:\Program Files (x86)\MiKTeX 2.9\tex\generic\xkeyval\xkeyval.tex"
("C:\Program Files (x86)\MiKTeX 2.9\tex\generic\xkeyval\xkvutils.tex")))
("C:\Program Files (x86)\MiKTeX 2.9\tex\latex\tools\multicol.sty"))
Writing index file Thesis.idx
("C:\Program Files (x86)\MiKTeX 2.9\tex\latex\hyperref\hyperref.sty"
("C:\Program Files (x86)\MiKTeX 2.9\tex\generic\oberdiek\hobsub-hyperref.sty"
("C:\Program Files (x86)\MiKTeX 2.9\tex\generic\oberdiek\hobsub-generic.sty"))
("C:\Program Files (x86)\MiKTeX 2.9\tex\latex\oberdiek\auxhook.sty")
("C:\Program Files (x86)\MiKTeX 2.9\tex\latex\hyperref\pd1enc.def")
("C:\Program Files (x86)\MiKTeX 2.9\tex\latex\00miktex\hyperref.cfg"))

Package hyperref Message: Driver (autodetected): hpdftex.

("C:\Program Files (x86)\MiKTeX 2.9\tex\latex\hyperref\hpdftex.def"
("C:\Program Files (x86)\MiKTeX 2.9\tex\latex\oberdiek\rerunfilecheck.sty"))
("C:\Program Files (x86)\MiKTeX 2.9\tex\latex\glossaries\base\glossaries.sty"
("C:\Program Files (x86)\MiKTeX 2.9\tex\latex\mfirstuc\mfirstuc.sty")
("C:\Program Files (x86)\MiKTeX 2.9\tex\latex\textcase\textcase.sty")
("C:\Program Files (x86)\MiKTeX 2.9\tex\latex\xfor\xfor.sty")
("C:\Program Files (x86)\MiKTeX 2.9\tex\latex\datatool\datatool-base.sty"
("C:\Program Files (x86)\MiKTeX 2.9\tex\latex\substr\substr.sty")
("C:\Program Files (x86)\MiKTeX 2.9\tex\latex\datatool\datatool-fp.sty"
("C:\Program Files (x86)\MiKTeX 2.9\tex\latex\fp\fp.sty"
`Fixed Point Package', Version 0.8, April 2, 1995 (C) Michael Mehlich
("C:\Program Files (x86)\MiKTeX 2.9\tex\latex\fp\defpattern.sty")
("C:\Program Files (x86)\MiKTeX 2.9\tex\latex\fp\fp-basic.sty")
("C:\Program Files (x86)\MiKTeX 2.9\tex\latex\fp\fp-addons.sty")
("C:\Program Files (x86)\MiKTeX 2.9\tex\latex\fp\fp-snap.sty")
("C:\Program Files (x86)\MiKTeX 2.9\tex\latex\fp\fp-exp.sty")
("C:\Program Files (x86)\MiKTeX 2.9\tex\latex\fp\fp-trigo.sty")
("C:\Program Files (x86)\MiKTeX 2.9\tex\latex\fp\fp-pas.sty")
("C:\Program Files (x86)\MiKTeX 2.9\tex\latex\fp\fp-random.sty")
("C:\Program Files (x86)\MiKTeX 2.9\tex\latex\fp\fp-eqn.sty")
("C:\Program Files (x86)\MiKTeX 2.9\tex\latex\fp\fp-upn.sty")
("C:\Program Files (x86)\MiKTeX 2.9\tex\latex\fp\fp-eval.sty"))))
("C:\Program Files (x86)\MiKTeX 2.9\tex\latex\glossaries\base\glossaries-compat
ible-307.sty")
("C:\Program Files (x86)\MiKTeX 2.9\tex\latex\tracklang\tracklang.sty"
("C:\Program Files (x86)\MiKTeX 2.9\tex\generic\tracklang\tracklang.tex"))
("C:\Program Files (x86)\MiKTeX 2.9\tex\latex\beamer\base\translator\translator
.sty"
("C:\Program Files (x86)\MiKTeX 2.9\tex\latex\beamer\base\translator\translator
-language-mappings.tex"))
("C:\Program Files (x86)\MiKTeX 2.9\tex\latex\glossaries-spanish\glossaries-spa
nish.ldf"
("C:\Program Files (x86)\MiKTeX 2.9\tex\latex\glossaries-spanish\glossaries-spa
nish-utf8.ldf"))
("C:\Program Files (x86)\MiKTeX 2.9\tex\latex\glossaries\styles\glossary-hypern
av.sty")
("C:\Program Files (x86)\MiKTeX 2.9\tex\latex\glossaries\styles\glossary-list.s
ty")
("C:\Program Files (x86)\MiKTeX 2.9\tex\latex\glossaries\styles\glossary-long.s
ty" ("C:\Program Files (x86)\MiKTeX 2.9\tex\latex\tools\longtable.sty"))
("C:\Program Files (x86)\MiKTeX 2.9\tex\latex\glossaries\styles\glossary-super.
sty" ("C:\Program Files (x86)\MiKTeX 2.9\tex\latex\supertabular\supertabular.st
y"))
("C:\Program Files (x86)\MiKTeX 2.9\tex\latex\glossaries\styles\glossary-tree.s
ty")) ("C:\Program Files (x86)\MiKTeX 2.9\tex\latex\algorithm2e\algorithm2e.sty
" ("C:\Program Files (x86)\MiKTeX 2.9\tex\latex\tools\xspace.sty")
("C:\Program Files (x86)\MiKTeX 2.9\tex\latex\ltxmisc\relsize.sty")
********************************************************
Package `algorithm2e' Release 5.1 -- october 19 2015 --
- algorithm2e-announce@lirmm.fr mailing list for announcement about releases
- algorithm2e-discussion@lirmm.fr mailing list for discussion about package
subscribe by emailing sympa@lirmm.fr with 'subscribe <list> <firstname name>'
- Author: Christophe Fiorio (christophe.fiorio@umontpellier.fr)
********************************************************
) ("C:\Program Files (x86)\MiKTeX 2.9\tex\latex\was\gensymb.sty")
("C:\Program Files (x86)\MiKTeX 2.9\tex\latex\oberdiek\epstopdf.sty"
("C:\Program Files (x86)\MiKTeX 2.9\tex\latex\oberdiek\epstopdf-base.sty"
("C:\Program Files (x86)\MiKTeX 2.9\tex\latex\oberdiek\grfext.sty")))
("C:\Program Files (x86)\MiKTeX 2.9\tex\latex\pgf\frontendlayer\tikz.sty"
("C:\Program Files (x86)\MiKTeX 2.9\tex\latex\pgf\basiclayer\pgf.sty"
("C:\Program Files (x86)\MiKTeX 2.9\tex\latex\pgf\utilities\pgfrcs.sty"
("C:\Program Files (x86)\MiKTeX 2.9\tex\generic\pgf\utilities\pgfutil-common.te
x"
("C:\Program Files (x86)\MiKTeX 2.9\tex\generic\pgf\utilities\pgfutil-common-li
sts.tex"))
("C:\Program Files (x86)\MiKTeX 2.9\tex\generic\pgf\utilities\pgfutil-latex.def
" ("C:\Program Files (x86)\MiKTeX 2.9\tex\latex\ms\everyshi.sty"))
("C:\Program Files (x86)\MiKTeX 2.9\tex\generic\pgf\utilities\pgfrcs.code.tex")
) ("C:\Program Files (x86)\MiKTeX 2.9\tex\latex\pgf\basiclayer\pgfcore.sty"
("C:\Program Files (x86)\MiKTeX 2.9\tex\latex\pgf\systemlayer\pgfsys.sty"
("C:\Program Files (x86)\MiKTeX 2.9\tex\generic\pgf\systemlayer\pgfsys.code.tex
" ("C:\Program Files (x86)\MiKTeX 2.9\tex\generic\pgf\utilities\pgfkeys.code.te
x"
("C:\Program Files (x86)\MiKTeX 2.9\tex\generic\pgf\utilities\pgfkeysfiltered.c
ode.tex"))
("C:\Program Files (x86)\MiKTeX 2.9\tex\generic\pgf\systemlayer\pgf.cfg")
("C:\Program Files (x86)\MiKTeX 2.9\tex\generic\pgf\systemlayer\pgfsys-pdftex.d
ef"
("C:\Program Files (x86)\MiKTeX 2.9\tex\generic\pgf\systemlayer\pgfsys-common-p
df.def")))
("C:\Program Files (x86)\MiKTeX 2.9\tex\generic\pgf\systemlayer\pgfsyssoftpath.
code.tex")
("C:\Program Files (x86)\MiKTeX 2.9\tex\generic\pgf\systemlayer\pgfsysprotocol.
code.tex"))
("C:\Program Files (x86)\MiKTeX 2.9\tex\generic\pgf\basiclayer\pgfcore.code.tex
" ("C:\Program Files (x86)\MiKTeX 2.9\tex\generic\pgf\math\pgfmath.code.tex"
("C:\Program Files (x86)\MiKTeX 2.9\tex\generic\pgf\math\pgfmathcalc.code.tex"
("C:\Program Files (x86)\MiKTeX 2.9\tex\generic\pgf\math\pgfmathutil.code.tex")
("C:\Program Files (x86)\MiKTeX 2.9\tex\generic\pgf\math\pgfmathparser.code.tex
")
("C:\Program Files (x86)\MiKTeX 2.9\tex\generic\pgf\math\pgfmathfunctions.code.
tex"
("C:\Program Files (x86)\MiKTeX 2.9\tex\generic\pgf\math\pgfmathfunctions.basic
.code.tex")
("C:\Program Files (x86)\MiKTeX 2.9\tex\generic\pgf\math\pgfmathfunctions.trigo
nometric.code.tex")
("C:\Program Files (x86)\MiKTeX 2.9\tex\generic\pgf\math\pgfmathfunctions.rando
m.code.tex")
("C:\Program Files (x86)\MiKTeX 2.9\tex\generic\pgf\math\pgfmathfunctions.compa
rison.code.tex")
("C:\Program Files (x86)\MiKTeX 2.9\tex\generic\pgf\math\pgfmathfunctions.base.
code.tex")
("C:\Program Files (x86)\MiKTeX 2.9\tex\generic\pgf\math\pgfmathfunctions.round
.code.tex")
("C:\Program Files (x86)\MiKTeX 2.9\tex\generic\pgf\math\pgfmathfunctions.misc.
code.tex")
("C:\Program Files (x86)\MiKTeX 2.9\tex\generic\pgf\math\pgfmathfunctions.integ
erarithmetics.code.tex")))
("C:\Program Files (x86)\MiKTeX 2.9\tex\generic\pgf\math\pgfmathfloat.code.tex"
))
("C:\Program Files (x86)\MiKTeX 2.9\tex\generic\pgf\basiclayer\pgfcorepoints.co
de.tex")
("C:\Program Files (x86)\MiKTeX 2.9\tex\generic\pgf\basiclayer\pgfcorepathconst
ruct.code.tex")
("C:\Program Files (x86)\MiKTeX 2.9\tex\generic\pgf\basiclayer\pgfcorepathusage
.code.tex")
("C:\Program Files (x86)\MiKTeX 2.9\tex\generic\pgf\basiclayer\pgfcorescopes.co
de.tex")
("C:\Program Files (x86)\MiKTeX 2.9\tex\generic\pgf\basiclayer\pgfcoregraphicst
ate.code.tex")
("C:\Program Files (x86)\MiKTeX 2.9\tex\generic\pgf\basiclayer\pgfcoretransform
ations.code.tex")
("C:\Program Files (x86)\MiKTeX 2.9\tex\generic\pgf\basiclayer\pgfcorequick.cod
e.tex")
("C:\Program Files (x86)\MiKTeX 2.9\tex\generic\pgf\basiclayer\pgfcoreobjects.c
ode.tex")
("C:\Program Files (x86)\MiKTeX 2.9\tex\generic\pgf\basiclayer\pgfcorepathproce
ssing.code.tex")
("C:\Program Files (x86)\MiKTeX 2.9\tex\generic\pgf\basiclayer\pgfcorearrows.co
de.tex")
("C:\Program Files (x86)\MiKTeX 2.9\tex\generic\pgf\basiclayer\pgfcoreshade.cod
e.tex")
("C:\Program Files (x86)\MiKTeX 2.9\tex\generic\pgf\basiclayer\pgfcoreimage.cod
e.tex"
("C:\Program Files (x86)\MiKTeX 2.9\tex\generic\pgf\basiclayer\pgfcoreexternal.
code.tex"))
("C:\Program Files (x86)\MiKTeX 2.9\tex\generic\pgf\basiclayer\pgfcorelayers.co
de.tex")
("C:\Program Files (x86)\MiKTeX 2.9\tex\generic\pgf\basiclayer\pgfcoretranspare
ncy.code.tex")
("C:\Program Files (x86)\MiKTeX 2.9\tex\generic\pgf\basiclayer\pgfcorepatterns.
code.tex")))
("C:\Program Files (x86)\MiKTeX 2.9\tex\generic\pgf\modules\pgfmoduleshapes.cod
e.tex")
("C:\Program Files (x86)\MiKTeX 2.9\tex\generic\pgf\modules\pgfmoduleplot.code.
tex")
("C:\Program Files (x86)\MiKTeX 2.9\tex\latex\pgf\compatibility\pgfcomp-version
-0-65.sty")
("C:\Program Files (x86)\MiKTeX 2.9\tex\latex\pgf\compatibility\pgfcomp-version
-1-18.sty"))
("C:\Program Files (x86)\MiKTeX 2.9\tex\latex\pgf\utilities\pgffor.sty"
("C:\Program Files (x86)\MiKTeX 2.9\tex\latex\pgf\utilities\pgfkeys.sty"
("C:\Program Files (x86)\MiKTeX 2.9\tex\generic\pgf\utilities\pgfkeys.code.tex"
)) ("C:\Program Files (x86)\MiKTeX 2.9\tex\latex\pgf\math\pgfmath.sty"
("C:\Program Files (x86)\MiKTeX 2.9\tex\generic\pgf\math\pgfmath.code.tex"))
("C:\Program Files (x86)\MiKTeX 2.9\tex\generic\pgf\utilities\pgffor.code.tex"
("C:\Program Files (x86)\MiKTeX 2.9\tex\generic\pgf\math\pgfmath.code.tex")))
("C:\Program Files (x86)\MiKTeX 2.9\tex\generic\pgf\frontendlayer\tikz\tikz.cod
e.tex"
("C:\Program Files (x86)\MiKTeX 2.9\tex\generic\pgf\libraries\pgflibraryplothan
dlers.code.tex")
("C:\Program Files (x86)\MiKTeX 2.9\tex\generic\pgf\modules\pgfmodulematrix.cod
e.tex")
("C:\Program Files (x86)\MiKTeX 2.9\tex\generic\pgf\frontendlayer\tikz\librarie
s\tikzlibrarytopaths.code.tex")))
("C:\Program Files (x86)\MiKTeX 2.9\tex\latex\circuitikz\circuitikz.sty"
("C:\Program Files (x86)\MiKTeX 2.9\tex\generic\pgf\frontendlayer\tikz\librarie
s\tikzlibrarycalc.code.tex")
("C:\Program Files (x86)\MiKTeX 2.9\tex\generic\pgf\libraries\pgflibraryarrows.
code.tex")
("C:\Program Files (x86)\MiKTeX 2.9\tex\generic\circuitikz\pgfcirc.defines.tex"
) ("C:\Program Files (x86)\MiKTeX 2.9\tex\generic\circuitikz\pgfcircutils.tex")
("C:\Program Files (x86)\MiKTeX 2.9\tex\generic\circuitikz\pgfcircmath.tex")
("C:\Program Files (x86)\MiKTeX 2.9\tex\generic\circuitikz\pgfcircshapes.tex")
("C:\Program Files (x86)\MiKTeX 2.9\tex\generic\circuitikz\pgfcircmonopoles.tex
") ("C:\Program Files (x86)\MiKTeX 2.9\tex\generic\circuitikz\pgfcircbipoles.te
x")
("C:\Program Files (x86)\MiKTeX 2.9\tex\generic\circuitikz\pgfcirctripoles.tex"
)
("C:\Program Files (x86)\MiKTeX 2.9\tex\generic\circuitikz\pgfcircquadpoles.tex
") ("C:\Program Files (x86)\MiKTeX 2.9\tex\generic\circuitikz\pgfcirclabel.tex"
) ("C:\Program Files (x86)\MiKTeX 2.9\tex\generic\circuitikz\pgfcircvoltage.tex
") ("C:\Program Files (x86)\MiKTeX 2.9\tex\generic\circuitikz\pgfcirccurrent.te
x") ("C:\Program Files (x86)\MiKTeX 2.9\tex\generic\circuitikz\pgfcircpath.tex"
)) ("C:\Program Files (x86)\MiKTeX 2.9\tex\latex\animate\animate.sty"
("C:\Program Files (x86)\MiKTeX 2.9\tex\latex\oberdiek\ifdraft.sty")
("C:\Program Files (x86)\MiKTeX 2.9\tex\latex\tools\calc.sty")
("C:\Program Files (x86)\MiKTeX 2.9\tex\latex\oberdiek\atenddvi.sty"
("C:\Program Files (x86)\MiKTeX 2.9\tex\latex\oberdiek\zref-abspage.sty"
("C:\Program Files (x86)\MiKTeX 2.9\tex\latex\oberdiek\zref-base.sty"))
("C:\Program Files (x86)\MiKTeX 2.9\tex\latex\oberdiek\zref-lastpage.sty"))
("C:\Program Files (x86)\MiKTeX 2.9\tex\latex\media9\pdfbase.sty"
("C:\Program Files (x86)\MiKTeX 2.9\tex\latex\l3kernel\expl3.sty"
("C:\Program Files (x86)\MiKTeX 2.9\tex\latex\l3kernel\expl3-code.tex")
("C:\Program Files (x86)\MiKTeX 2.9\tex\latex\l3kernel\l3pdfmode.def"))
("C:\Program Files (x86)\MiKTeX 2.9\tex\latex\l3packages\l3keys2e\l3keys2e.sty"
)) ("C:\Program Files (x86)\MiKTeX 2.9\tex\latex\ocgx2\ocgbase.sty")
("C:\Program Files (x86)\MiKTeX 2.9\tex\context\base\supp-pdf.mkii"
[Loading MPS to PDF converter (version 2006.09.02).]
)) ("C:\Program Files (x86)\MiKTeX 2.9\tex\latex\listings\listings.sty"
("C:\Program Files (x86)\MiKTeX 2.9\tex\latex\listings\lstmisc.sty")
("C:\Program Files (x86)\MiKTeX 2.9\tex\latex\listings\listings.cfg"))
("C:\Program Files (x86)\MiKTeX 2.9\tex\latex\fancyhdr\fancyhdr.sty")

Package Fancyhdr Warning: \fancyhead's `E' option without twoside option is use
less on input line 15.


Package Fancyhdr Warning: \fancyhead's `E' option without twoside option is use
less on input line 15.

(../Preamble/Administrative.sty

LaTeX Warning: You have requested package `../Preamble/Administrative',
               but the package provides `Preamble/Administrative'.

)
\@input{Backpages/Acronyms.aux}
(Backpages/Acronyms.tex)
\@input{Backpages/Glosary.aux}
(Backpages/Glosary.tex)
("C:\Program Files (x86)\MiKTeX 2.9\tex\latex\biblatex\lbx\spanish.lbx")

Package biblatex Warning: 'babel/polyglossia' detected but 'csquotes' missing.
(biblatex)                Loading 'csquotes' recommended.

(Thesis.aux (Frontpages/Title.aux) (Frontpages/Abstract.aux)
(Frontpages/Acknowledgements.aux) (Frontpages/Dedication.aux)
(Frontpages/FunnyQuotePage.aux) (Chapters/01-Introduccion.aux)
(Chapters/02-MarcoTeorico.aux) (Chapters/03-DesarrolloDelProyecto.aux)
(Chapters/04-Resultados.aux) (Chapters/05-Conclusiones.aux)
(Backpages/Anexo-A.aux) (Backpages/Anexo-B.aux))
("C:\Program Files (x86)\MiKTeX 2.9\tex\latex\base\ts1cmr.fd")
("C:\Program Files (x86)\MiKTeX 2.9\tex\latex\lm\t1lmr.fd")
*geometry* driver: auto-detecting
*geometry* detected driver: pdftex
("C:\Program Files (x86)\MiKTeX 2.9\tex\latex\caption\ltcaption.sty")
No file Thesis.bbl.
("C:\Program Files (x86)\MiKTeX 2.9\tex\latex\hyperref\nameref.sty"
("C:\Program Files (x86)\MiKTeX 2.9\tex\generic\oberdiek\gettitlestring.sty"))
(Thesis.out) (Thesis.out) (Thesis.glsdefs)
ABD: EveryShipout initializing macros (Frontpages/Title.tex
<Figures/logoumsa.png, id=84, 62.48344pt x 126.4725pt>
<use Figures/logoumsa.png>
("C:\Program Files (x86)\MiKTeX 2.9\tex\latex\lm\ot1lmr.fd")
("C:\Program Files (x86)\MiKTeX 2.9\tex\latex\lm\omllmm.fd")
("C:\Program Files (x86)\MiKTeX 2.9\tex\latex\lm\omslmsy.fd")
("C:\Program Files (x86)\MiKTeX 2.9\tex\latex\lm\omxlmex.fd")
("C:\Program Files (x86)\MiKTeX 2.9\tex\latex\amsfonts\umsa.fd")
("C:\Program Files (x86)\MiKTeX 2.9\tex\latex\amsfonts\umsb.fd")
("C:\Program Files (x86)\MiKTeX 2.9\tex\latex\base\ulasy.fd")
("C:\Program Files (x86)\MiKTeX 2.9\tex\latex\lm\ts1lmr.fd") [1{C:/Users/zurits
/AppData/Local/MiKTeX/2.9/pdftex/config/pdftex.map} <./Figures/logoumsa.png>])
(Frontpages/Abstract.tex) [1] (Frontpages/Acknowledgements.tex) [2]
(Frontpages/Dedication.tex) [3] (Frontpages/FunnyQuotePage.tex) [4] (Thesis.toc

LaTeX Font Warning: Font shape `T1/lmr/bx/sc' undefined
(Font)              using `T1/lmr/bx/n' instead on input line 5.


Package spanish Warning: Replacing `T1/lmr/bx/sc' by 
(spanish)                faked small caps on input line 5.


Package spanish Warning: Replacing `T1/lmr/bx/sc' by 
(spanish)                faked small caps on input line 7.


Package spanish Warning: Replacing `T1/lmr/bx/sc' by 
(spanish)                faked small caps on input line 11.


Package spanish Warning: Replacing `T1/lmr/bx/sc' by 
(spanish)                faked small caps on input line 13.


Package spanish Warning: Replacing `T1/lmr/bx/sc' by 
(spanish)                faked small caps on input line 15.


Package spanish Warning: Replacing `T1/lmr/bx/sc' by 
(spanish)                faked small caps on input line 17.


Package spanish Warning: Replacing `T1/lmr/bx/sc' by 
(spanish)                faked small caps on input line 19.

) [5] (Thesis.lof) [6] (Thesis.lot) [7] (Thesis.lol) [8] (Thesis.loa) [9]
(Chapters/01-Introduccion.tex
Cap\IeC {\'\i }tulo 1.
) [1] (Chapters/02-MarcoTeorico.tex
Cap\IeC {\'\i }tulo 2.
) [2] (Chapters/03-DesarrolloDelProyecto.tex
Cap\IeC {\'\i }tulo 3.
) [3] (Chapters/04-Resultados.tex
Cap\IeC {\'\i }tulo 4.
) [4] (Chapters/05-Conclusiones.tex
Cap\IeC {\'\i }tulo 5.
) [5]This is makeindex, version 2.15 [MiKTeX 2.9.6100] (kpathsea + Thai support).
Scanning input file Thesis.idx...done (0 entries accepted, 0 rejected).
Nothing written in Thesis.ind.
Transcript written in Thesis.ilg.


LaTeX Warning: Empty bibliography on input line 69.

(Thesis.ind) (Thesis.acr) (Thesis.gls) [6] (Backpages/Anexo-A.tex) [7]
(Backpages/Anexo-B.tex) [8] (Thesis.aux (Frontpages/Title.aux)
(Frontpages/Abstract.aux) (Frontpages/Acknowledgements.aux)
(Frontpages/Dedication.aux) (Frontpages/FunnyQuotePage.aux)
(Chapters/01-Introduccion.aux) (Chapters/02-MarcoTeorico.aux)
(Chapters/03-DesarrolloDelProyecto.aux) (Chapters/04-Resultados.aux)
(Chapters/05-Conclusiones.aux) (Backpages/Anexo-A.aux) (Backpages/Anexo-B.aux))

LaTeX Font Warning: Some font shapes were not available, defaults substituted.

 )
(\end occurred inside a group at level 1)

### simple group (level 1) entered at line 1061 ({)
### bottom level{C:/Program Files (x86)/MiKTeX 2.9/fonts/enc/dvips/lm/lm-ec.enc
}<C:/Program Files (x86)/MiKTeX 2.9/fonts/type1/public/lm/lmbx10.pfb><C:/Progra
m Files (x86)/MiKTeX 2.9/fonts/type1/public/lm/lmbx12.pfb><C:/Program Files (x8
6)/MiKTeX 2.9/fonts/type1/public/lm/lmbx7.pfb><C:/Program Files (x86)/MiKTeX 2.
9/fonts/type1/public/lm/lmbxi10.pfb><C:/Program Files (x86)/MiKTeX 2.9/fonts/ty
pe1/public/lm/lmcsc10.pfb><C:/Program Files (x86)/MiKTeX 2.9/fonts/type1/public
/lm/lmr10.pfb><C:/Program Files (x86)/MiKTeX 2.9/fonts/type1/public/lm/lmr12.pf
b><C:/Program Files (x86)/MiKTeX 2.9/fonts/type1/public/lm/lmri10.pfb><C:/Progr
am Files (x86)/MiKTeX 2.9/fonts/type1/public/lm/lmri12.pfb>
Output written on Thesis.pdf (18 pages, 269467 bytes).
SyncTeX written on Thesis.synctex.gz.
Transcript written on Thesis.log.

26 Nov 2016 11:37:35.211 INFO  CommandTrigger - 'PDFLaTeX' was successfully executed.
26 Nov 2016 11:37:35.212 INFO  CommandTrigger - Running 'BibTeX'.
26 Nov 2016 11:37:35.212 TRACE CommandTrigger - Command: bibtex  "Thesis.aux"
26 Nov 2016 11:37:35.515 TRACE CommandTrigger - Output logging:
26 Nov 2016 11:37:35.515 TRACE CommandTrigger - This is BibTeX, Version 0.99d (MiKTeX 2.9.6100)
The top-level auxiliary file: Thesis.aux
The style file: biblatex.bst
A level-1 auxiliary file: Frontpages/Title.aux
A level-1 auxiliary file: Frontpages/Abstract.aux
A level-1 auxiliary file: Frontpages/Acknowledgements.aux
A level-1 auxiliary file: Frontpages/Dedication.aux
A level-1 auxiliary file: Frontpages/FunnyQuotePage.aux
A level-1 auxiliary file: Chapters/01-Introduccion.aux
A level-1 auxiliary file: Chapters/02-MarcoTeorico.aux
A level-1 auxiliary file: Chapters/03-DesarrolloDelProyecto.aux
A level-1 auxiliary file: Chapters/04-Resultados.aux
A level-1 auxiliary file: Chapters/05-Conclusiones.aux
A level-1 auxiliary file: Backpages/Anexo-A.aux
A level-1 auxiliary file: Backpages/Anexo-B.aux
Database file #1: Thesis-blx.bib
Database file #2: BibliographyThesis.bib
Biblatex version: 3.3

26 Nov 2016 11:37:35.515 INFO  CommandTrigger - 'BibTeX' was successfully executed.
26 Nov 2016 11:37:35.515 INFO  CommandTrigger - Running 'MakeIndex'.
26 Nov 2016 11:37:35.516 TRACE CommandTrigger - Command: makeindex    "Thesis.idx"
26 Nov 2016 11:37:35.720 TRACE CommandTrigger - Output logging:
26 Nov 2016 11:37:35.720 TRACE CommandTrigger - This is makeindex, version 2.15 [MiKTeX 2.9.6100] (kpathsea + Thai support).
Scanning input file Thesis.idx...done (0 entries accepted, 0 rejected).
Nothing written in Thesis.ind.
Transcript written in Thesis.ilg.

26 Nov 2016 11:37:35.721 INFO  CommandTrigger - 'MakeIndex' was successfully executed.
26 Nov 2016 11:37:35.721 INFO  CommandTrigger - Running 'MakeGlossaries'.
26 Nov 2016 11:37:35.721 TRACE CommandTrigger - Command: makeglossaries  "Thesis"
26 Nov 2016 11:37:36.226 TRACE CommandTrigger - Output logging:
26 Nov 2016 11:37:36.227 TRACE CommandTrigger - Warning: File 'Thesis.glo' is empty.
Have you used any entries defined in glossary 'main'?
Remember to use package option 'nomain' if you
don't want to use the main glossary.
Warning: File 'Thesis.acn' is empty.
Have you used any entries defined in glossary 'acronym'?
makeglossaries version 2.19 (2016-05-27)
added glossary type 'main' (glg,gls,glo)
added glossary type 'acronym' (alg,acr,acn)

26 Nov 2016 11:37:36.227 INFO  CommandTrigger - 'MakeGlossaries' was successfully executed.
26 Nov 2016 11:37:36.227 INFO  CommandTrigger - Running 'PDFLaTeX'.
26 Nov 2016 11:37:36.227 TRACE CommandTrigger - Command: pdflatex   --shell-escape --synctex=1  "Thesis.tex"
26 Nov 2016 11:37:39.134 TRACE CommandTrigger - Output logging:
26 Nov 2016 11:37:39.136 TRACE CommandTrigger - This is pdfTeX, Version 3.14159265-2.6-1.40.17 (MiKTeX 2.9.6100)
entering extended mode
(Thesis.tex
LaTeX2e <2016/03/31> patch level 3
Babel <3.9r> and hyphenation patterns for 72 language(s) loaded.
(../Preamble/UMSAetn.cls

LaTeX Warning: You have requested document class `../Preamble/UMSAetn',
               but the document class provides `Preamble/UMSAetn'.

Document Class: Preamble/UMSAetn 2015/07/20 UMSA-ETN-Bolivia
("C:\Program Files (x86)\MiKTeX 2.9\tex\latex\oberdiek\kvoptions.sty"
("C:\Program Files (x86)\MiKTeX 2.9\tex\latex\graphics\keyval.sty")
("C:\Program Files (x86)\MiKTeX 2.9\tex\generic\oberdiek\ltxcmds.sty")
("C:\Program Files (x86)\MiKTeX 2.9\tex\generic\oberdiek\kvsetkeys.sty"
("C:\Program Files (x86)\MiKTeX 2.9\tex\generic\oberdiek\infwarerr.sty")
("C:\Program Files (x86)\MiKTeX 2.9\tex\generic\oberdiek\etexcmds.sty"
("C:\Program Files (x86)\MiKTeX 2.9\tex\generic\oberdiek\ifluatex.sty"))))
("C:\Program Files (x86)\MiKTeX 2.9\tex\latex\base\book.cls"
Document Class: book 2014/09/29 v1.4h Standard LaTeX document class
("C:\Program Files (x86)\MiKTeX 2.9\tex\latex\base\bk10.clo"))
("C:\Program Files (x86)\MiKTeX 2.9\tex\latex\geometry\geometry.sty"
("C:\Program Files (x86)\MiKTeX 2.9\tex\generic\oberdiek\ifpdf.sty")
("C:\Program Files (x86)\MiKTeX 2.9\tex\generic\oberdiek\ifvtex.sty")
("C:\Program Files (x86)\MiKTeX 2.9\tex\generic\ifxetex\ifxetex.sty")
("C:\Program Files (x86)\MiKTeX 2.9\tex\latex\geometry\geometry.cfg"))
("C:\Program Files (x86)\MiKTeX 2.9\tex\latex\ltxmisc\parskip.sty"))
("C:\Program Files (x86)\MiKTeX 2.9\tex\latex\base\inputenc.sty"
("C:\Program Files (x86)\MiKTeX 2.9\tex\latex\base\utf8.def"
("C:\Program Files (x86)\MiKTeX 2.9\tex\latex\base\t1enc.dfu")
("C:\Program Files (x86)\MiKTeX 2.9\tex\latex\base\ot1enc.dfu")
("C:\Program Files (x86)\MiKTeX 2.9\tex\latex\base\omsenc.dfu")))
("C:\Program Files (x86)\MiKTeX 2.9\tex\latex\base\fontenc.sty"
("C:\Program Files (x86)\MiKTeX 2.9\tex\latex\base\t1enc.def"))
("C:\Program Files (x86)\MiKTeX 2.9\tex\generic\babel\babel.sty"
*************************************
* Local config file bblopts.cfg used
*
("C:\Program Files (x86)\MiKTeX 2.9\tex\latex\arabi\bblopts.cfg")
("C:\Program Files (x86)\MiKTeX 2.9\tex\latex\babel-spanish\spanish.ldf"
("C:\Program Files (x86)\MiKTeX 2.9\tex\generic\babel\babel.def")))
("C:\Program Files (x86)\MiKTeX 2.9\tex\latex\lm\lmodern.sty")
("C:\Program Files (x86)\MiKTeX 2.9\tex\latex\amsmath\amsmath.sty"
For additional information on amsmath, use the `?' option.
("C:\Program Files (x86)\MiKTeX 2.9\tex\latex\amsmath\amstext.sty"
("C:\Program Files (x86)\MiKTeX 2.9\tex\latex\amsmath\amsgen.sty"))
("C:\Program Files (x86)\MiKTeX 2.9\tex\latex\amsmath\amsbsy.sty")
("C:\Program Files (x86)\MiKTeX 2.9\tex\latex\amsmath\amsopn.sty"))
("C:\Program Files (x86)\MiKTeX 2.9\tex\latex\amsfonts\amssymb.sty"
("C:\Program Files (x86)\MiKTeX 2.9\tex\latex\amsfonts\amsfonts.sty"))
("C:\Program Files (x86)\MiKTeX 2.9\tex\latex\base\latexsym.sty")
("C:\Program Files (x86)\MiKTeX 2.9\tex\latex\base\textcomp.sty"
("C:\Program Files (x86)\MiKTeX 2.9\tex\latex\base\ts1enc.def"
("C:\Program Files (x86)\MiKTeX 2.9\tex\latex\base\ts1enc.dfu")))
("C:\Program Files (x86)\MiKTeX 2.9\tex\latex\tools\array.sty")
("C:\Program Files (x86)\MiKTeX 2.9\tex\latex\multirow\multirow.sty")
("C:\Program Files (x86)\MiKTeX 2.9\tex\latex\booktabs\booktabs.sty")
("C:\Program Files (x86)\MiKTeX 2.9\tex\latex\tabulary\tabulary.sty")
("C:\Program Files (x86)\MiKTeX 2.9\tex\latex\graphics\graphicx.sty"
("C:\Program Files (x86)\MiKTeX 2.9\tex\latex\graphics\graphics.sty"
("C:\Program Files (x86)\MiKTeX 2.9\tex\latex\graphics\trig.sty")
("C:\Program Files (x86)\MiKTeX 2.9\tex\latex\graphics-cfg\graphics.cfg")
("C:\Program Files (x86)\MiKTeX 2.9\tex\latex\graphics-def\pdftex.def")))
("C:\Program Files (x86)\MiKTeX 2.9\tex\latex\caption\caption.sty"
("C:\Program Files (x86)\MiKTeX 2.9\tex\latex\caption\caption3.sty"))
("C:\Program Files (x86)\MiKTeX 2.9\tex\latex\float\float.sty")
("C:\Program Files (x86)\MiKTeX 2.9\tex\latex\subfigure\subfigure.sty"
****************************************
* Local config file subfigure.cfg used *
****************************************
("C:\Program Files (x86)\MiKTeX 2.9\tex\latex\subfigure\subfigure.cfg"))
("C:\Program Files (x86)\MiKTeX 2.9\tex\latex\tools\verbatim.sty")
("C:\Program Files (x86)\MiKTeX 2.9\tex\latex\easylist\easylist.sty")
("C:\Program Files (x86)\MiKTeX 2.9\tex\latex\biblatex\biblatex.sty"
("C:\Program Files (x86)\MiKTeX 2.9\tex\generic\oberdiek\pdftexcmds.sty")
("C:\Program Files (x86)\MiKTeX 2.9\tex\latex\etoolbox\etoolbox.sty")
("C:\Program Files (x86)\MiKTeX 2.9\tex\latex\logreq\logreq.sty"
("C:\Program Files (x86)\MiKTeX 2.9\tex\latex\logreq\logreq.def"))
("C:\Program Files (x86)\MiKTeX 2.9\tex\latex\base\ifthen.sty")
("C:\Program Files (x86)\MiKTeX 2.9\tex\latex\url\url.sty")
("C:\Program Files (x86)\MiKTeX 2.9\tex\latex\xstring\xstring.sty"
("C:\Program Files (x86)\MiKTeX 2.9\tex\generic\xstring\xstring.tex"))
("C:\Program Files (x86)\MiKTeX 2.9\tex\latex\biblatex\blx-dm.def")
("C:\Program Files (x86)\MiKTeX 2.9\tex\latex\biblatex\blx-compat.def")
("C:\Program Files (x86)\MiKTeX 2.9\tex\latex\biblatex\blx-bibtex.def"

Package biblatex Warning: Using fall-back BibTeX(8) backend:
(biblatex)                functionality may be reduced/unavailable.

) ("C:\Program Files (x86)\MiKTeX 2.9\tex\latex\biblatex\biblatex.def")
("C:\Program Files (x86)\MiKTeX 2.9\tex\latex\biblatex\blx-natbib.def")
("C:\Program Files (x86)\MiKTeX 2.9\tex\latex\biblatex\bbx\numeric.bbx"
("C:\Program Files (x86)\MiKTeX 2.9\tex\latex\biblatex\bbx\standard.bbx"))
("C:\Program Files (x86)\MiKTeX 2.9\tex\latex\biblatex\cbx\numeric.cbx")
("C:\Program Files (x86)\MiKTeX 2.9\tex\latex\biblatex\biblatex.cfg"))
("C:\Program Files (x86)\MiKTeX 2.9\tex\latex\graphics\color.sty"
("C:\Program Files (x86)\MiKTeX 2.9\tex\latex\graphics-cfg\color.cfg"))
("C:\Program Files (x86)\MiKTeX 2.9\tex\latex\xcolor\xcolor.sty"
("C:\Program Files (x86)\MiKTeX 2.9\tex\latex\graphics-cfg\color.cfg")
("C:\Program Files (x86)\MiKTeX 2.9\tex\latex\colortbl\colortbl.sty")
("C:\Program Files (x86)\MiKTeX 2.9\tex\latex\graphics\dvipsnam.def")
("C:\Program Files (x86)\MiKTeX 2.9\tex\latex\xcolor\svgnam.def")
("C:\Program Files (x86)\MiKTeX 2.9\tex\latex\xcolor\x11nam.def"))
("C:\Program Files (x86)\MiKTeX 2.9\tex\latex\imakeidx\imakeidx.sty"
("C:\Program Files (x86)\MiKTeX 2.9\tex\latex\xkeyval\xkeyval.sty"
("C:\Program Files (x86)\MiKTeX 2.9\tex\generic\xkeyval\xkeyval.tex"
("C:\Program Files (x86)\MiKTeX 2.9\tex\generic\xkeyval\xkvutils.tex")))
("C:\Program Files (x86)\MiKTeX 2.9\tex\latex\tools\multicol.sty"))
Writing index file Thesis.idx
("C:\Program Files (x86)\MiKTeX 2.9\tex\latex\hyperref\hyperref.sty"
("C:\Program Files (x86)\MiKTeX 2.9\tex\generic\oberdiek\hobsub-hyperref.sty"
("C:\Program Files (x86)\MiKTeX 2.9\tex\generic\oberdiek\hobsub-generic.sty"))
("C:\Program Files (x86)\MiKTeX 2.9\tex\latex\oberdiek\auxhook.sty")
("C:\Program Files (x86)\MiKTeX 2.9\tex\latex\hyperref\pd1enc.def")
("C:\Program Files (x86)\MiKTeX 2.9\tex\latex\00miktex\hyperref.cfg"))

Package hyperref Message: Driver (autodetected): hpdftex.

("C:\Program Files (x86)\MiKTeX 2.9\tex\latex\hyperref\hpdftex.def"
("C:\Program Files (x86)\MiKTeX 2.9\tex\latex\oberdiek\rerunfilecheck.sty"))
("C:\Program Files (x86)\MiKTeX 2.9\tex\latex\glossaries\base\glossaries.sty"
("C:\Program Files (x86)\MiKTeX 2.9\tex\latex\mfirstuc\mfirstuc.sty")
("C:\Program Files (x86)\MiKTeX 2.9\tex\latex\textcase\textcase.sty")
("C:\Program Files (x86)\MiKTeX 2.9\tex\latex\xfor\xfor.sty")
("C:\Program Files (x86)\MiKTeX 2.9\tex\latex\datatool\datatool-base.sty"
("C:\Program Files (x86)\MiKTeX 2.9\tex\latex\substr\substr.sty")
("C:\Program Files (x86)\MiKTeX 2.9\tex\latex\datatool\datatool-fp.sty"
("C:\Program Files (x86)\MiKTeX 2.9\tex\latex\fp\fp.sty"
`Fixed Point Package', Version 0.8, April 2, 1995 (C) Michael Mehlich
("C:\Program Files (x86)\MiKTeX 2.9\tex\latex\fp\defpattern.sty")
("C:\Program Files (x86)\MiKTeX 2.9\tex\latex\fp\fp-basic.sty")
("C:\Program Files (x86)\MiKTeX 2.9\tex\latex\fp\fp-addons.sty")
("C:\Program Files (x86)\MiKTeX 2.9\tex\latex\fp\fp-snap.sty")
("C:\Program Files (x86)\MiKTeX 2.9\tex\latex\fp\fp-exp.sty")
("C:\Program Files (x86)\MiKTeX 2.9\tex\latex\fp\fp-trigo.sty")
("C:\Program Files (x86)\MiKTeX 2.9\tex\latex\fp\fp-pas.sty")
("C:\Program Files (x86)\MiKTeX 2.9\tex\latex\fp\fp-random.sty")
("C:\Program Files (x86)\MiKTeX 2.9\tex\latex\fp\fp-eqn.sty")
("C:\Program Files (x86)\MiKTeX 2.9\tex\latex\fp\fp-upn.sty")
("C:\Program Files (x86)\MiKTeX 2.9\tex\latex\fp\fp-eval.sty"))))
("C:\Program Files (x86)\MiKTeX 2.9\tex\latex\glossaries\base\glossaries-compat
ible-307.sty")
("C:\Program Files (x86)\MiKTeX 2.9\tex\latex\tracklang\tracklang.sty"
("C:\Program Files (x86)\MiKTeX 2.9\tex\generic\tracklang\tracklang.tex"))
("C:\Program Files (x86)\MiKTeX 2.9\tex\latex\beamer\base\translator\translator
.sty"
("C:\Program Files (x86)\MiKTeX 2.9\tex\latex\beamer\base\translator\translator
-language-mappings.tex"))
("C:\Program Files (x86)\MiKTeX 2.9\tex\latex\glossaries-spanish\glossaries-spa
nish.ldf"
("C:\Program Files (x86)\MiKTeX 2.9\tex\latex\glossaries-spanish\glossaries-spa
nish-utf8.ldf"))
("C:\Program Files (x86)\MiKTeX 2.9\tex\latex\glossaries\styles\glossary-hypern
av.sty")
("C:\Program Files (x86)\MiKTeX 2.9\tex\latex\glossaries\styles\glossary-list.s
ty")
("C:\Program Files (x86)\MiKTeX 2.9\tex\latex\glossaries\styles\glossary-long.s
ty" ("C:\Program Files (x86)\MiKTeX 2.9\tex\latex\tools\longtable.sty"))
("C:\Program Files (x86)\MiKTeX 2.9\tex\latex\glossaries\styles\glossary-super.
sty" ("C:\Program Files (x86)\MiKTeX 2.9\tex\latex\supertabular\supertabular.st
y"))
("C:\Program Files (x86)\MiKTeX 2.9\tex\latex\glossaries\styles\glossary-tree.s
ty")) ("C:\Program Files (x86)\MiKTeX 2.9\tex\latex\algorithm2e\algorithm2e.sty
" ("C:\Program Files (x86)\MiKTeX 2.9\tex\latex\tools\xspace.sty")
("C:\Program Files (x86)\MiKTeX 2.9\tex\latex\ltxmisc\relsize.sty")
********************************************************
Package `algorithm2e' Release 5.1 -- october 19 2015 --
- algorithm2e-announce@lirmm.fr mailing list for announcement about releases
- algorithm2e-discussion@lirmm.fr mailing list for discussion about package
subscribe by emailing sympa@lirmm.fr with 'subscribe <list> <firstname name>'
- Author: Christophe Fiorio (christophe.fiorio@umontpellier.fr)
********************************************************
) ("C:\Program Files (x86)\MiKTeX 2.9\tex\latex\was\gensymb.sty")
("C:\Program Files (x86)\MiKTeX 2.9\tex\latex\oberdiek\epstopdf.sty"
("C:\Program Files (x86)\MiKTeX 2.9\tex\latex\oberdiek\epstopdf-base.sty"
("C:\Program Files (x86)\MiKTeX 2.9\tex\latex\oberdiek\grfext.sty")))
("C:\Program Files (x86)\MiKTeX 2.9\tex\latex\pgf\frontendlayer\tikz.sty"
("C:\Program Files (x86)\MiKTeX 2.9\tex\latex\pgf\basiclayer\pgf.sty"
("C:\Program Files (x86)\MiKTeX 2.9\tex\latex\pgf\utilities\pgfrcs.sty"
("C:\Program Files (x86)\MiKTeX 2.9\tex\generic\pgf\utilities\pgfutil-common.te
x"
("C:\Program Files (x86)\MiKTeX 2.9\tex\generic\pgf\utilities\pgfutil-common-li
sts.tex"))
("C:\Program Files (x86)\MiKTeX 2.9\tex\generic\pgf\utilities\pgfutil-latex.def
" ("C:\Program Files (x86)\MiKTeX 2.9\tex\latex\ms\everyshi.sty"))
("C:\Program Files (x86)\MiKTeX 2.9\tex\generic\pgf\utilities\pgfrcs.code.tex")
) ("C:\Program Files (x86)\MiKTeX 2.9\tex\latex\pgf\basiclayer\pgfcore.sty"
("C:\Program Files (x86)\MiKTeX 2.9\tex\latex\pgf\systemlayer\pgfsys.sty"
("C:\Program Files (x86)\MiKTeX 2.9\tex\generic\pgf\systemlayer\pgfsys.code.tex
" ("C:\Program Files (x86)\MiKTeX 2.9\tex\generic\pgf\utilities\pgfkeys.code.te
x"
("C:\Program Files (x86)\MiKTeX 2.9\tex\generic\pgf\utilities\pgfkeysfiltered.c
ode.tex"))
("C:\Program Files (x86)\MiKTeX 2.9\tex\generic\pgf\systemlayer\pgf.cfg")
("C:\Program Files (x86)\MiKTeX 2.9\tex\generic\pgf\systemlayer\pgfsys-pdftex.d
ef"
("C:\Program Files (x86)\MiKTeX 2.9\tex\generic\pgf\systemlayer\pgfsys-common-p
df.def")))
("C:\Program Files (x86)\MiKTeX 2.9\tex\generic\pgf\systemlayer\pgfsyssoftpath.
code.tex")
("C:\Program Files (x86)\MiKTeX 2.9\tex\generic\pgf\systemlayer\pgfsysprotocol.
code.tex"))
("C:\Program Files (x86)\MiKTeX 2.9\tex\generic\pgf\basiclayer\pgfcore.code.tex
" ("C:\Program Files (x86)\MiKTeX 2.9\tex\generic\pgf\math\pgfmath.code.tex"
("C:\Program Files (x86)\MiKTeX 2.9\tex\generic\pgf\math\pgfmathcalc.code.tex"
("C:\Program Files (x86)\MiKTeX 2.9\tex\generic\pgf\math\pgfmathutil.code.tex")
("C:\Program Files (x86)\MiKTeX 2.9\tex\generic\pgf\math\pgfmathparser.code.tex
")
("C:\Program Files (x86)\MiKTeX 2.9\tex\generic\pgf\math\pgfmathfunctions.code.
tex"
("C:\Program Files (x86)\MiKTeX 2.9\tex\generic\pgf\math\pgfmathfunctions.basic
.code.tex")
("C:\Program Files (x86)\MiKTeX 2.9\tex\generic\pgf\math\pgfmathfunctions.trigo
nometric.code.tex")
("C:\Program Files (x86)\MiKTeX 2.9\tex\generic\pgf\math\pgfmathfunctions.rando
m.code.tex")
("C:\Program Files (x86)\MiKTeX 2.9\tex\generic\pgf\math\pgfmathfunctions.compa
rison.code.tex")
("C:\Program Files (x86)\MiKTeX 2.9\tex\generic\pgf\math\pgfmathfunctions.base.
code.tex")
("C:\Program Files (x86)\MiKTeX 2.9\tex\generic\pgf\math\pgfmathfunctions.round
.code.tex")
("C:\Program Files (x86)\MiKTeX 2.9\tex\generic\pgf\math\pgfmathfunctions.misc.
code.tex")
("C:\Program Files (x86)\MiKTeX 2.9\tex\generic\pgf\math\pgfmathfunctions.integ
erarithmetics.code.tex")))
("C:\Program Files (x86)\MiKTeX 2.9\tex\generic\pgf\math\pgfmathfloat.code.tex"
))
("C:\Program Files (x86)\MiKTeX 2.9\tex\generic\pgf\basiclayer\pgfcorepoints.co
de.tex")
("C:\Program Files (x86)\MiKTeX 2.9\tex\generic\pgf\basiclayer\pgfcorepathconst
ruct.code.tex")
("C:\Program Files (x86)\MiKTeX 2.9\tex\generic\pgf\basiclayer\pgfcorepathusage
.code.tex")
("C:\Program Files (x86)\MiKTeX 2.9\tex\generic\pgf\basiclayer\pgfcorescopes.co
de.tex")
("C:\Program Files (x86)\MiKTeX 2.9\tex\generic\pgf\basiclayer\pgfcoregraphicst
ate.code.tex")
("C:\Program Files (x86)\MiKTeX 2.9\tex\generic\pgf\basiclayer\pgfcoretransform
ations.code.tex")
("C:\Program Files (x86)\MiKTeX 2.9\tex\generic\pgf\basiclayer\pgfcorequick.cod
e.tex")
("C:\Program Files (x86)\MiKTeX 2.9\tex\generic\pgf\basiclayer\pgfcoreobjects.c
ode.tex")
("C:\Program Files (x86)\MiKTeX 2.9\tex\generic\pgf\basiclayer\pgfcorepathproce
ssing.code.tex")
("C:\Program Files (x86)\MiKTeX 2.9\tex\generic\pgf\basiclayer\pgfcorearrows.co
de.tex")
("C:\Program Files (x86)\MiKTeX 2.9\tex\generic\pgf\basiclayer\pgfcoreshade.cod
e.tex")
("C:\Program Files (x86)\MiKTeX 2.9\tex\generic\pgf\basiclayer\pgfcoreimage.cod
e.tex"
("C:\Program Files (x86)\MiKTeX 2.9\tex\generic\pgf\basiclayer\pgfcoreexternal.
code.tex"))
("C:\Program Files (x86)\MiKTeX 2.9\tex\generic\pgf\basiclayer\pgfcorelayers.co
de.tex")
("C:\Program Files (x86)\MiKTeX 2.9\tex\generic\pgf\basiclayer\pgfcoretranspare
ncy.code.tex")
("C:\Program Files (x86)\MiKTeX 2.9\tex\generic\pgf\basiclayer\pgfcorepatterns.
code.tex")))
("C:\Program Files (x86)\MiKTeX 2.9\tex\generic\pgf\modules\pgfmoduleshapes.cod
e.tex")
("C:\Program Files (x86)\MiKTeX 2.9\tex\generic\pgf\modules\pgfmoduleplot.code.
tex")
("C:\Program Files (x86)\MiKTeX 2.9\tex\latex\pgf\compatibility\pgfcomp-version
-0-65.sty")
("C:\Program Files (x86)\MiKTeX 2.9\tex\latex\pgf\compatibility\pgfcomp-version
-1-18.sty"))
("C:\Program Files (x86)\MiKTeX 2.9\tex\latex\pgf\utilities\pgffor.sty"
("C:\Program Files (x86)\MiKTeX 2.9\tex\latex\pgf\utilities\pgfkeys.sty"
("C:\Program Files (x86)\MiKTeX 2.9\tex\generic\pgf\utilities\pgfkeys.code.tex"
)) ("C:\Program Files (x86)\MiKTeX 2.9\tex\latex\pgf\math\pgfmath.sty"
("C:\Program Files (x86)\MiKTeX 2.9\tex\generic\pgf\math\pgfmath.code.tex"))
("C:\Program Files (x86)\MiKTeX 2.9\tex\generic\pgf\utilities\pgffor.code.tex"
("C:\Program Files (x86)\MiKTeX 2.9\tex\generic\pgf\math\pgfmath.code.tex")))
("C:\Program Files (x86)\MiKTeX 2.9\tex\generic\pgf\frontendlayer\tikz\tikz.cod
e.tex"
("C:\Program Files (x86)\MiKTeX 2.9\tex\generic\pgf\libraries\pgflibraryplothan
dlers.code.tex")
("C:\Program Files (x86)\MiKTeX 2.9\tex\generic\pgf\modules\pgfmodulematrix.cod
e.tex")
("C:\Program Files (x86)\MiKTeX 2.9\tex\generic\pgf\frontendlayer\tikz\librarie
s\tikzlibrarytopaths.code.tex")))
("C:\Program Files (x86)\MiKTeX 2.9\tex\latex\circuitikz\circuitikz.sty"
("C:\Program Files (x86)\MiKTeX 2.9\tex\generic\pgf\frontendlayer\tikz\librarie
s\tikzlibrarycalc.code.tex")
("C:\Program Files (x86)\MiKTeX 2.9\tex\generic\pgf\libraries\pgflibraryarrows.
code.tex")
("C:\Program Files (x86)\MiKTeX 2.9\tex\generic\circuitikz\pgfcirc.defines.tex"
) ("C:\Program Files (x86)\MiKTeX 2.9\tex\generic\circuitikz\pgfcircutils.tex")
("C:\Program Files (x86)\MiKTeX 2.9\tex\generic\circuitikz\pgfcircmath.tex")
("C:\Program Files (x86)\MiKTeX 2.9\tex\generic\circuitikz\pgfcircshapes.tex")
("C:\Program Files (x86)\MiKTeX 2.9\tex\generic\circuitikz\pgfcircmonopoles.tex
") ("C:\Program Files (x86)\MiKTeX 2.9\tex\generic\circuitikz\pgfcircbipoles.te
x")
("C:\Program Files (x86)\MiKTeX 2.9\tex\generic\circuitikz\pgfcirctripoles.tex"
)
("C:\Program Files (x86)\MiKTeX 2.9\tex\generic\circuitikz\pgfcircquadpoles.tex
") ("C:\Program Files (x86)\MiKTeX 2.9\tex\generic\circuitikz\pgfcirclabel.tex"
) ("C:\Program Files (x86)\MiKTeX 2.9\tex\generic\circuitikz\pgfcircvoltage.tex
") ("C:\Program Files (x86)\MiKTeX 2.9\tex\generic\circuitikz\pgfcirccurrent.te
x") ("C:\Program Files (x86)\MiKTeX 2.9\tex\generic\circuitikz\pgfcircpath.tex"
)) ("C:\Program Files (x86)\MiKTeX 2.9\tex\latex\animate\animate.sty"
("C:\Program Files (x86)\MiKTeX 2.9\tex\latex\oberdiek\ifdraft.sty")
("C:\Program Files (x86)\MiKTeX 2.9\tex\latex\tools\calc.sty")
("C:\Program Files (x86)\MiKTeX 2.9\tex\latex\oberdiek\atenddvi.sty"
("C:\Program Files (x86)\MiKTeX 2.9\tex\latex\oberdiek\zref-abspage.sty"
("C:\Program Files (x86)\MiKTeX 2.9\tex\latex\oberdiek\zref-base.sty"))
("C:\Program Files (x86)\MiKTeX 2.9\tex\latex\oberdiek\zref-lastpage.sty"))
("C:\Program Files (x86)\MiKTeX 2.9\tex\latex\media9\pdfbase.sty"
("C:\Program Files (x86)\MiKTeX 2.9\tex\latex\l3kernel\expl3.sty"
("C:\Program Files (x86)\MiKTeX 2.9\tex\latex\l3kernel\expl3-code.tex")
("C:\Program Files (x86)\MiKTeX 2.9\tex\latex\l3kernel\l3pdfmode.def"))
("C:\Program Files (x86)\MiKTeX 2.9\tex\latex\l3packages\l3keys2e\l3keys2e.sty"
)) ("C:\Program Files (x86)\MiKTeX 2.9\tex\latex\ocgx2\ocgbase.sty")
("C:\Program Files (x86)\MiKTeX 2.9\tex\context\base\supp-pdf.mkii"
[Loading MPS to PDF converter (version 2006.09.02).]
)) ("C:\Program Files (x86)\MiKTeX 2.9\tex\latex\listings\listings.sty"
("C:\Program Files (x86)\MiKTeX 2.9\tex\latex\listings\lstmisc.sty")
("C:\Program Files (x86)\MiKTeX 2.9\tex\latex\listings\listings.cfg"))
("C:\Program Files (x86)\MiKTeX 2.9\tex\latex\fancyhdr\fancyhdr.sty")

Package Fancyhdr Warning: \fancyhead's `E' option without twoside option is use
less on input line 15.


Package Fancyhdr Warning: \fancyhead's `E' option without twoside option is use
less on input line 15.

(../Preamble/Administrative.sty

LaTeX Warning: You have requested package `../Preamble/Administrative',
               but the package provides `Preamble/Administrative'.

)
\@input{Backpages/Acronyms.aux}
(Backpages/Acronyms.tex)
\@input{Backpages/Glosary.aux}
(Backpages/Glosary.tex)
("C:\Program Files (x86)\MiKTeX 2.9\tex\latex\biblatex\lbx\spanish.lbx")

Package biblatex Warning: 'babel/polyglossia' detected but 'csquotes' missing.
(biblatex)                Loading 'csquotes' recommended.

(Thesis.aux (Frontpages/Title.aux) (Frontpages/Abstract.aux)
(Frontpages/Acknowledgements.aux) (Frontpages/Dedication.aux)
(Frontpages/FunnyQuotePage.aux) (Chapters/01-Introduccion.aux)
(Chapters/02-MarcoTeorico.aux) (Chapters/03-DesarrolloDelProyecto.aux)
(Chapters/04-Resultados.aux) (Chapters/05-Conclusiones.aux)
(Backpages/Anexo-A.aux) (Backpages/Anexo-B.aux))
("C:\Program Files (x86)\MiKTeX 2.9\tex\latex\base\ts1cmr.fd")
("C:\Program Files (x86)\MiKTeX 2.9\tex\latex\lm\t1lmr.fd")
*geometry* driver: auto-detecting
*geometry* detected driver: pdftex
("C:\Program Files (x86)\MiKTeX 2.9\tex\latex\caption\ltcaption.sty")
(Thesis.bbl) ("C:\Program Files (x86)\MiKTeX 2.9\tex\latex\hyperref\nameref.sty
" ("C:\Program Files (x86)\MiKTeX 2.9\tex\generic\oberdiek\gettitlestring.sty")
) (Thesis.out) (Thesis.out) (Thesis.glsdefs)
ABD: EveryShipout initializing macros (Frontpages/Title.tex
<Figures/logoumsa.png, id=84, 62.48344pt x 126.4725pt>
<use Figures/logoumsa.png>
("C:\Program Files (x86)\MiKTeX 2.9\tex\latex\lm\ot1lmr.fd")
("C:\Program Files (x86)\MiKTeX 2.9\tex\latex\lm\omllmm.fd")
("C:\Program Files (x86)\MiKTeX 2.9\tex\latex\lm\omslmsy.fd")
("C:\Program Files (x86)\MiKTeX 2.9\tex\latex\lm\omxlmex.fd")
("C:\Program Files (x86)\MiKTeX 2.9\tex\latex\amsfonts\umsa.fd")
("C:\Program Files (x86)\MiKTeX 2.9\tex\latex\amsfonts\umsb.fd")
("C:\Program Files (x86)\MiKTeX 2.9\tex\latex\base\ulasy.fd")
("C:\Program Files (x86)\MiKTeX 2.9\tex\latex\lm\ts1lmr.fd") [1{C:/Users/zurits
/AppData/Local/MiKTeX/2.9/pdftex/config/pdftex.map} <./Figures/logoumsa.png>])
(Frontpages/Abstract.tex) [1] (Frontpages/Acknowledgements.tex) [2]
(Frontpages/Dedication.tex) [3] (Frontpages/FunnyQuotePage.tex) [4] (Thesis.toc

LaTeX Font Warning: Font shape `T1/lmr/bx/sc' undefined
(Font)              using `T1/lmr/bx/n' instead on input line 5.


Package spanish Warning: Replacing `T1/lmr/bx/sc' by 
(spanish)                faked small caps on input line 5.


Package spanish Warning: Replacing `T1/lmr/bx/sc' by 
(spanish)                faked small caps on input line 7.


Package spanish Warning: Replacing `T1/lmr/bx/sc' by 
(spanish)                faked small caps on input line 11.


Package spanish Warning: Replacing `T1/lmr/bx/sc' by 
(spanish)                faked small caps on input line 13.


Package spanish Warning: Replacing `T1/lmr/bx/sc' by 
(spanish)                faked small caps on input line 15.


Package spanish Warning: Replacing `T1/lmr/bx/sc' by 
(spanish)                faked small caps on input line 17.


Package spanish Warning: Replacing `T1/lmr/bx/sc' by 
(spanish)                faked small caps on input line 19.

) [5] (Thesis.lof) [6] (Thesis.lot) [7] (Thesis.lol) [8] (Thesis.loa) [9]
(Chapters/01-Introduccion.tex
Cap\IeC {\'\i }tulo 1.
) [1] (Chapters/02-MarcoTeorico.tex
Cap\IeC {\'\i }tulo 2.
) [2] (Chapters/03-DesarrolloDelProyecto.tex
Cap\IeC {\'\i }tulo 3.
) [3] (Chapters/04-Resultados.tex
Cap\IeC {\'\i }tulo 4.
) [4] (Chapters/05-Conclusiones.tex
Cap\IeC {\'\i }tulo 5.
) [5]This is makeindex, version 2.15 [MiKTeX 2.9.6100] (kpathsea + Thai support).
Scanning input file Thesis.idx...done (0 entries accepted, 0 rejected).
Nothing written in Thesis.ind.
Transcript written in Thesis.ilg.


LaTeX Warning: Empty bibliography on input line 69.

(Thesis.ind) (Thesis.acr) (Thesis.gls) [6] (Backpages/Anexo-A.tex) [7]
(Backpages/Anexo-B.tex) [8] (Thesis.aux (Frontpages/Title.aux)
(Frontpages/Abstract.aux) (Frontpages/Acknowledgements.aux)
(Frontpages/Dedication.aux) (Frontpages/FunnyQuotePage.aux)
(Chapters/01-Introduccion.aux) (Chapters/02-MarcoTeorico.aux)
(Chapters/03-DesarrolloDelProyecto.aux) (Chapters/04-Resultados.aux)
(Chapters/05-Conclusiones.aux) (Backpages/Anexo-A.aux) (Backpages/Anexo-B.aux))

LaTeX Font Warning: Some font shapes were not available, defaults substituted.

 )
(\end occurred inside a group at level 1)

### simple group (level 1) entered at line 1061 ({)
### bottom level{C:/Program Files (x86)/MiKTeX 2.9/fonts/enc/dvips/lm/lm-ec.enc
}<C:/Program Files (x86)/MiKTeX 2.9/fonts/type1/public/lm/lmbx10.pfb><C:/Progra
m Files (x86)/MiKTeX 2.9/fonts/type1/public/lm/lmbx12.pfb><C:/Program Files (x8
6)/MiKTeX 2.9/fonts/type1/public/lm/lmbx7.pfb><C:/Program Files (x86)/MiKTeX 2.
9/fonts/type1/public/lm/lmbxi10.pfb><C:/Program Files (x86)/MiKTeX 2.9/fonts/ty
pe1/public/lm/lmcsc10.pfb><C:/Program Files (x86)/MiKTeX 2.9/fonts/type1/public
/lm/lmr10.pfb><C:/Program Files (x86)/MiKTeX 2.9/fonts/type1/public/lm/lmr12.pf
b><C:/Program Files (x86)/MiKTeX 2.9/fonts/type1/public/lm/lmri10.pfb><C:/Progr
am Files (x86)/MiKTeX 2.9/fonts/type1/public/lm/lmri12.pfb>
Output written on Thesis.pdf (18 pages, 269466 bytes).
SyncTeX written on Thesis.synctex.gz.
Transcript written on Thesis.log.

26 Nov 2016 11:37:39.137 INFO  CommandTrigger - 'PDFLaTeX' was successfully executed.
26 Nov 2016 11:37:39.137 INFO  CommandTrigger - Running 'PDFLaTeX'.
26 Nov 2016 11:37:39.137 TRACE CommandTrigger - Command: pdflatex   --shell-escape --synctex=1  "Thesis.tex"
26 Nov 2016 11:37:42.243 TRACE CommandTrigger - Output logging:
26 Nov 2016 11:37:42.245 TRACE CommandTrigger - This is pdfTeX, Version 3.14159265-2.6-1.40.17 (MiKTeX 2.9.6100)
entering extended mode
(Thesis.tex
LaTeX2e <2016/03/31> patch level 3
Babel <3.9r> and hyphenation patterns for 72 language(s) loaded.
(../Preamble/UMSAetn.cls

LaTeX Warning: You have requested document class `../Preamble/UMSAetn',
               but the document class provides `Preamble/UMSAetn'.

Document Class: Preamble/UMSAetn 2015/07/20 UMSA-ETN-Bolivia
("C:\Program Files (x86)\MiKTeX 2.9\tex\latex\oberdiek\kvoptions.sty"
("C:\Program Files (x86)\MiKTeX 2.9\tex\latex\graphics\keyval.sty")
("C:\Program Files (x86)\MiKTeX 2.9\tex\generic\oberdiek\ltxcmds.sty")
("C:\Program Files (x86)\MiKTeX 2.9\tex\generic\oberdiek\kvsetkeys.sty"
("C:\Program Files (x86)\MiKTeX 2.9\tex\generic\oberdiek\infwarerr.sty")
("C:\Program Files (x86)\MiKTeX 2.9\tex\generic\oberdiek\etexcmds.sty"
("C:\Program Files (x86)\MiKTeX 2.9\tex\generic\oberdiek\ifluatex.sty"))))
("C:\Program Files (x86)\MiKTeX 2.9\tex\latex\base\book.cls"
Document Class: book 2014/09/29 v1.4h Standard LaTeX document class
("C:\Program Files (x86)\MiKTeX 2.9\tex\latex\base\bk10.clo"))
("C:\Program Files (x86)\MiKTeX 2.9\tex\latex\geometry\geometry.sty"
("C:\Program Files (x86)\MiKTeX 2.9\tex\generic\oberdiek\ifpdf.sty")
("C:\Program Files (x86)\MiKTeX 2.9\tex\generic\oberdiek\ifvtex.sty")
("C:\Program Files (x86)\MiKTeX 2.9\tex\generic\ifxetex\ifxetex.sty")
("C:\Program Files (x86)\MiKTeX 2.9\tex\latex\geometry\geometry.cfg"))
("C:\Program Files (x86)\MiKTeX 2.9\tex\latex\ltxmisc\parskip.sty"))
("C:\Program Files (x86)\MiKTeX 2.9\tex\latex\base\inputenc.sty"
("C:\Program Files (x86)\MiKTeX 2.9\tex\latex\base\utf8.def"
("C:\Program Files (x86)\MiKTeX 2.9\tex\latex\base\t1enc.dfu")
("C:\Program Files (x86)\MiKTeX 2.9\tex\latex\base\ot1enc.dfu")
("C:\Program Files (x86)\MiKTeX 2.9\tex\latex\base\omsenc.dfu")))
("C:\Program Files (x86)\MiKTeX 2.9\tex\latex\base\fontenc.sty"
("C:\Program Files (x86)\MiKTeX 2.9\tex\latex\base\t1enc.def"))
("C:\Program Files (x86)\MiKTeX 2.9\tex\generic\babel\babel.sty"
*************************************
* Local config file bblopts.cfg used
*
("C:\Program Files (x86)\MiKTeX 2.9\tex\latex\arabi\bblopts.cfg")
("C:\Program Files (x86)\MiKTeX 2.9\tex\latex\babel-spanish\spanish.ldf"
("C:\Program Files (x86)\MiKTeX 2.9\tex\generic\babel\babel.def")))
("C:\Program Files (x86)\MiKTeX 2.9\tex\latex\lm\lmodern.sty")
("C:\Program Files (x86)\MiKTeX 2.9\tex\latex\amsmath\amsmath.sty"
For additional information on amsmath, use the `?' option.
("C:\Program Files (x86)\MiKTeX 2.9\tex\latex\amsmath\amstext.sty"
("C:\Program Files (x86)\MiKTeX 2.9\tex\latex\amsmath\amsgen.sty"))
("C:\Program Files (x86)\MiKTeX 2.9\tex\latex\amsmath\amsbsy.sty")
("C:\Program Files (x86)\MiKTeX 2.9\tex\latex\amsmath\amsopn.sty"))
("C:\Program Files (x86)\MiKTeX 2.9\tex\latex\amsfonts\amssymb.sty"
("C:\Program Files (x86)\MiKTeX 2.9\tex\latex\amsfonts\amsfonts.sty"))
("C:\Program Files (x86)\MiKTeX 2.9\tex\latex\base\latexsym.sty")
("C:\Program Files (x86)\MiKTeX 2.9\tex\latex\base\textcomp.sty"
("C:\Program Files (x86)\MiKTeX 2.9\tex\latex\base\ts1enc.def"
("C:\Program Files (x86)\MiKTeX 2.9\tex\latex\base\ts1enc.dfu")))
("C:\Program Files (x86)\MiKTeX 2.9\tex\latex\tools\array.sty")
("C:\Program Files (x86)\MiKTeX 2.9\tex\latex\multirow\multirow.sty")
("C:\Program Files (x86)\MiKTeX 2.9\tex\latex\booktabs\booktabs.sty")
("C:\Program Files (x86)\MiKTeX 2.9\tex\latex\tabulary\tabulary.sty")
("C:\Program Files (x86)\MiKTeX 2.9\tex\latex\graphics\graphicx.sty"
("C:\Program Files (x86)\MiKTeX 2.9\tex\latex\graphics\graphics.sty"
("C:\Program Files (x86)\MiKTeX 2.9\tex\latex\graphics\trig.sty")
("C:\Program Files (x86)\MiKTeX 2.9\tex\latex\graphics-cfg\graphics.cfg")
("C:\Program Files (x86)\MiKTeX 2.9\tex\latex\graphics-def\pdftex.def")))
("C:\Program Files (x86)\MiKTeX 2.9\tex\latex\caption\caption.sty"
("C:\Program Files (x86)\MiKTeX 2.9\tex\latex\caption\caption3.sty"))
("C:\Program Files (x86)\MiKTeX 2.9\tex\latex\float\float.sty")
("C:\Program Files (x86)\MiKTeX 2.9\tex\latex\subfigure\subfigure.sty"
****************************************
* Local config file subfigure.cfg used *
****************************************
("C:\Program Files (x86)\MiKTeX 2.9\tex\latex\subfigure\subfigure.cfg"))
("C:\Program Files (x86)\MiKTeX 2.9\tex\latex\tools\verbatim.sty")
("C:\Program Files (x86)\MiKTeX 2.9\tex\latex\easylist\easylist.sty")
("C:\Program Files (x86)\MiKTeX 2.9\tex\latex\biblatex\biblatex.sty"
("C:\Program Files (x86)\MiKTeX 2.9\tex\generic\oberdiek\pdftexcmds.sty")
("C:\Program Files (x86)\MiKTeX 2.9\tex\latex\etoolbox\etoolbox.sty")
("C:\Program Files (x86)\MiKTeX 2.9\tex\latex\logreq\logreq.sty"
("C:\Program Files (x86)\MiKTeX 2.9\tex\latex\logreq\logreq.def"))
("C:\Program Files (x86)\MiKTeX 2.9\tex\latex\base\ifthen.sty")
("C:\Program Files (x86)\MiKTeX 2.9\tex\latex\url\url.sty")
("C:\Program Files (x86)\MiKTeX 2.9\tex\latex\xstring\xstring.sty"
("C:\Program Files (x86)\MiKTeX 2.9\tex\generic\xstring\xstring.tex"))
("C:\Program Files (x86)\MiKTeX 2.9\tex\latex\biblatex\blx-dm.def")
("C:\Program Files (x86)\MiKTeX 2.9\tex\latex\biblatex\blx-compat.def")
("C:\Program Files (x86)\MiKTeX 2.9\tex\latex\biblatex\blx-bibtex.def"

Package biblatex Warning: Using fall-back BibTeX(8) backend:
(biblatex)                functionality may be reduced/unavailable.

) ("C:\Program Files (x86)\MiKTeX 2.9\tex\latex\biblatex\biblatex.def")
("C:\Program Files (x86)\MiKTeX 2.9\tex\latex\biblatex\blx-natbib.def")
("C:\Program Files (x86)\MiKTeX 2.9\tex\latex\biblatex\bbx\numeric.bbx"
("C:\Program Files (x86)\MiKTeX 2.9\tex\latex\biblatex\bbx\standard.bbx"))
("C:\Program Files (x86)\MiKTeX 2.9\tex\latex\biblatex\cbx\numeric.cbx")
("C:\Program Files (x86)\MiKTeX 2.9\tex\latex\biblatex\biblatex.cfg"))
("C:\Program Files (x86)\MiKTeX 2.9\tex\latex\graphics\color.sty"
("C:\Program Files (x86)\MiKTeX 2.9\tex\latex\graphics-cfg\color.cfg"))
("C:\Program Files (x86)\MiKTeX 2.9\tex\latex\xcolor\xcolor.sty"
("C:\Program Files (x86)\MiKTeX 2.9\tex\latex\graphics-cfg\color.cfg")
("C:\Program Files (x86)\MiKTeX 2.9\tex\latex\colortbl\colortbl.sty")
("C:\Program Files (x86)\MiKTeX 2.9\tex\latex\graphics\dvipsnam.def")
("C:\Program Files (x86)\MiKTeX 2.9\tex\latex\xcolor\svgnam.def")
("C:\Program Files (x86)\MiKTeX 2.9\tex\latex\xcolor\x11nam.def"))
("C:\Program Files (x86)\MiKTeX 2.9\tex\latex\imakeidx\imakeidx.sty"
("C:\Program Files (x86)\MiKTeX 2.9\tex\latex\xkeyval\xkeyval.sty"
("C:\Program Files (x86)\MiKTeX 2.9\tex\generic\xkeyval\xkeyval.tex"
("C:\Program Files (x86)\MiKTeX 2.9\tex\generic\xkeyval\xkvutils.tex")))
("C:\Program Files (x86)\MiKTeX 2.9\tex\latex\tools\multicol.sty"))
Writing index file Thesis.idx
("C:\Program Files (x86)\MiKTeX 2.9\tex\latex\hyperref\hyperref.sty"
("C:\Program Files (x86)\MiKTeX 2.9\tex\generic\oberdiek\hobsub-hyperref.sty"
("C:\Program Files (x86)\MiKTeX 2.9\tex\generic\oberdiek\hobsub-generic.sty"))
("C:\Program Files (x86)\MiKTeX 2.9\tex\latex\oberdiek\auxhook.sty")
("C:\Program Files (x86)\MiKTeX 2.9\tex\latex\hyperref\pd1enc.def")
("C:\Program Files (x86)\MiKTeX 2.9\tex\latex\00miktex\hyperref.cfg"))

Package hyperref Message: Driver (autodetected): hpdftex.

("C:\Program Files (x86)\MiKTeX 2.9\tex\latex\hyperref\hpdftex.def"
("C:\Program Files (x86)\MiKTeX 2.9\tex\latex\oberdiek\rerunfilecheck.sty"))
("C:\Program Files (x86)\MiKTeX 2.9\tex\latex\glossaries\base\glossaries.sty"
("C:\Program Files (x86)\MiKTeX 2.9\tex\latex\mfirstuc\mfirstuc.sty")
("C:\Program Files (x86)\MiKTeX 2.9\tex\latex\textcase\textcase.sty")
("C:\Program Files (x86)\MiKTeX 2.9\tex\latex\xfor\xfor.sty")
("C:\Program Files (x86)\MiKTeX 2.9\tex\latex\datatool\datatool-base.sty"
("C:\Program Files (x86)\MiKTeX 2.9\tex\latex\substr\substr.sty")
("C:\Program Files (x86)\MiKTeX 2.9\tex\latex\datatool\datatool-fp.sty"
("C:\Program Files (x86)\MiKTeX 2.9\tex\latex\fp\fp.sty"
`Fixed Point Package', Version 0.8, April 2, 1995 (C) Michael Mehlich
("C:\Program Files (x86)\MiKTeX 2.9\tex\latex\fp\defpattern.sty")
("C:\Program Files (x86)\MiKTeX 2.9\tex\latex\fp\fp-basic.sty")
("C:\Program Files (x86)\MiKTeX 2.9\tex\latex\fp\fp-addons.sty")
("C:\Program Files (x86)\MiKTeX 2.9\tex\latex\fp\fp-snap.sty")
("C:\Program Files (x86)\MiKTeX 2.9\tex\latex\fp\fp-exp.sty")
("C:\Program Files (x86)\MiKTeX 2.9\tex\latex\fp\fp-trigo.sty")
("C:\Program Files (x86)\MiKTeX 2.9\tex\latex\fp\fp-pas.sty")
("C:\Program Files (x86)\MiKTeX 2.9\tex\latex\fp\fp-random.sty")
("C:\Program Files (x86)\MiKTeX 2.9\tex\latex\fp\fp-eqn.sty")
("C:\Program Files (x86)\MiKTeX 2.9\tex\latex\fp\fp-upn.sty")
("C:\Program Files (x86)\MiKTeX 2.9\tex\latex\fp\fp-eval.sty"))))
("C:\Program Files (x86)\MiKTeX 2.9\tex\latex\glossaries\base\glossaries-compat
ible-307.sty")
("C:\Program Files (x86)\MiKTeX 2.9\tex\latex\tracklang\tracklang.sty"
("C:\Program Files (x86)\MiKTeX 2.9\tex\generic\tracklang\tracklang.tex"))
("C:\Program Files (x86)\MiKTeX 2.9\tex\latex\beamer\base\translator\translator
.sty"
("C:\Program Files (x86)\MiKTeX 2.9\tex\latex\beamer\base\translator\translator
-language-mappings.tex"))
("C:\Program Files (x86)\MiKTeX 2.9\tex\latex\glossaries-spanish\glossaries-spa
nish.ldf"
("C:\Program Files (x86)\MiKTeX 2.9\tex\latex\glossaries-spanish\glossaries-spa
nish-utf8.ldf"))
("C:\Program Files (x86)\MiKTeX 2.9\tex\latex\glossaries\styles\glossary-hypern
av.sty")
("C:\Program Files (x86)\MiKTeX 2.9\tex\latex\glossaries\styles\glossary-list.s
ty")
("C:\Program Files (x86)\MiKTeX 2.9\tex\latex\glossaries\styles\glossary-long.s
ty" ("C:\Program Files (x86)\MiKTeX 2.9\tex\latex\tools\longtable.sty"))
("C:\Program Files (x86)\MiKTeX 2.9\tex\latex\glossaries\styles\glossary-super.
sty" ("C:\Program Files (x86)\MiKTeX 2.9\tex\latex\supertabular\supertabular.st
y"))
("C:\Program Files (x86)\MiKTeX 2.9\tex\latex\glossaries\styles\glossary-tree.s
ty")) ("C:\Program Files (x86)\MiKTeX 2.9\tex\latex\algorithm2e\algorithm2e.sty
" ("C:\Program Files (x86)\MiKTeX 2.9\tex\latex\tools\xspace.sty")
("C:\Program Files (x86)\MiKTeX 2.9\tex\latex\ltxmisc\relsize.sty")
********************************************************
Package `algorithm2e' Release 5.1 -- october 19 2015 --
- algorithm2e-announce@lirmm.fr mailing list for announcement about releases
- algorithm2e-discussion@lirmm.fr mailing list for discussion about package
subscribe by emailing sympa@lirmm.fr with 'subscribe <list> <firstname name>'
- Author: Christophe Fiorio (christophe.fiorio@umontpellier.fr)
********************************************************
) ("C:\Program Files (x86)\MiKTeX 2.9\tex\latex\was\gensymb.sty")
("C:\Program Files (x86)\MiKTeX 2.9\tex\latex\oberdiek\epstopdf.sty"
("C:\Program Files (x86)\MiKTeX 2.9\tex\latex\oberdiek\epstopdf-base.sty"
("C:\Program Files (x86)\MiKTeX 2.9\tex\latex\oberdiek\grfext.sty")))
("C:\Program Files (x86)\MiKTeX 2.9\tex\latex\pgf\frontendlayer\tikz.sty"
("C:\Program Files (x86)\MiKTeX 2.9\tex\latex\pgf\basiclayer\pgf.sty"
("C:\Program Files (x86)\MiKTeX 2.9\tex\latex\pgf\utilities\pgfrcs.sty"
("C:\Program Files (x86)\MiKTeX 2.9\tex\generic\pgf\utilities\pgfutil-common.te
x"
("C:\Program Files (x86)\MiKTeX 2.9\tex\generic\pgf\utilities\pgfutil-common-li
sts.tex"))
("C:\Program Files (x86)\MiKTeX 2.9\tex\generic\pgf\utilities\pgfutil-latex.def
" ("C:\Program Files (x86)\MiKTeX 2.9\tex\latex\ms\everyshi.sty"))
("C:\Program Files (x86)\MiKTeX 2.9\tex\generic\pgf\utilities\pgfrcs.code.tex")
) ("C:\Program Files (x86)\MiKTeX 2.9\tex\latex\pgf\basiclayer\pgfcore.sty"
("C:\Program Files (x86)\MiKTeX 2.9\tex\latex\pgf\systemlayer\pgfsys.sty"
("C:\Program Files (x86)\MiKTeX 2.9\tex\generic\pgf\systemlayer\pgfsys.code.tex
" ("C:\Program Files (x86)\MiKTeX 2.9\tex\generic\pgf\utilities\pgfkeys.code.te
x"
("C:\Program Files (x86)\MiKTeX 2.9\tex\generic\pgf\utilities\pgfkeysfiltered.c
ode.tex"))
("C:\Program Files (x86)\MiKTeX 2.9\tex\generic\pgf\systemlayer\pgf.cfg")
("C:\Program Files (x86)\MiKTeX 2.9\tex\generic\pgf\systemlayer\pgfsys-pdftex.d
ef"
("C:\Program Files (x86)\MiKTeX 2.9\tex\generic\pgf\systemlayer\pgfsys-common-p
df.def")))
("C:\Program Files (x86)\MiKTeX 2.9\tex\generic\pgf\systemlayer\pgfsyssoftpath.
code.tex")
("C:\Program Files (x86)\MiKTeX 2.9\tex\generic\pgf\systemlayer\pgfsysprotocol.
code.tex"))
("C:\Program Files (x86)\MiKTeX 2.9\tex\generic\pgf\basiclayer\pgfcore.code.tex
" ("C:\Program Files (x86)\MiKTeX 2.9\tex\generic\pgf\math\pgfmath.code.tex"
("C:\Program Files (x86)\MiKTeX 2.9\tex\generic\pgf\math\pgfmathcalc.code.tex"
("C:\Program Files (x86)\MiKTeX 2.9\tex\generic\pgf\math\pgfmathutil.code.tex")
("C:\Program Files (x86)\MiKTeX 2.9\tex\generic\pgf\math\pgfmathparser.code.tex
")
("C:\Program Files (x86)\MiKTeX 2.9\tex\generic\pgf\math\pgfmathfunctions.code.
tex"
("C:\Program Files (x86)\MiKTeX 2.9\tex\generic\pgf\math\pgfmathfunctions.basic
.code.tex")
("C:\Program Files (x86)\MiKTeX 2.9\tex\generic\pgf\math\pgfmathfunctions.trigo
nometric.code.tex")
("C:\Program Files (x86)\MiKTeX 2.9\tex\generic\pgf\math\pgfmathfunctions.rando
m.code.tex")
("C:\Program Files (x86)\MiKTeX 2.9\tex\generic\pgf\math\pgfmathfunctions.compa
rison.code.tex")
("C:\Program Files (x86)\MiKTeX 2.9\tex\generic\pgf\math\pgfmathfunctions.base.
code.tex")
("C:\Program Files (x86)\MiKTeX 2.9\tex\generic\pgf\math\pgfmathfunctions.round
.code.tex")
("C:\Program Files (x86)\MiKTeX 2.9\tex\generic\pgf\math\pgfmathfunctions.misc.
code.tex")
("C:\Program Files (x86)\MiKTeX 2.9\tex\generic\pgf\math\pgfmathfunctions.integ
erarithmetics.code.tex")))
("C:\Program Files (x86)\MiKTeX 2.9\tex\generic\pgf\math\pgfmathfloat.code.tex"
))
("C:\Program Files (x86)\MiKTeX 2.9\tex\generic\pgf\basiclayer\pgfcorepoints.co
de.tex")
("C:\Program Files (x86)\MiKTeX 2.9\tex\generic\pgf\basiclayer\pgfcorepathconst
ruct.code.tex")
("C:\Program Files (x86)\MiKTeX 2.9\tex\generic\pgf\basiclayer\pgfcorepathusage
.code.tex")
("C:\Program Files (x86)\MiKTeX 2.9\tex\generic\pgf\basiclayer\pgfcorescopes.co
de.tex")
("C:\Program Files (x86)\MiKTeX 2.9\tex\generic\pgf\basiclayer\pgfcoregraphicst
ate.code.tex")
("C:\Program Files (x86)\MiKTeX 2.9\tex\generic\pgf\basiclayer\pgfcoretransform
ations.code.tex")
("C:\Program Files (x86)\MiKTeX 2.9\tex\generic\pgf\basiclayer\pgfcorequick.cod
e.tex")
("C:\Program Files (x86)\MiKTeX 2.9\tex\generic\pgf\basiclayer\pgfcoreobjects.c
ode.tex")
("C:\Program Files (x86)\MiKTeX 2.9\tex\generic\pgf\basiclayer\pgfcorepathproce
ssing.code.tex")
("C:\Program Files (x86)\MiKTeX 2.9\tex\generic\pgf\basiclayer\pgfcorearrows.co
de.tex")
("C:\Program Files (x86)\MiKTeX 2.9\tex\generic\pgf\basiclayer\pgfcoreshade.cod
e.tex")
("C:\Program Files (x86)\MiKTeX 2.9\tex\generic\pgf\basiclayer\pgfcoreimage.cod
e.tex"
("C:\Program Files (x86)\MiKTeX 2.9\tex\generic\pgf\basiclayer\pgfcoreexternal.
code.tex"))
("C:\Program Files (x86)\MiKTeX 2.9\tex\generic\pgf\basiclayer\pgfcorelayers.co
de.tex")
("C:\Program Files (x86)\MiKTeX 2.9\tex\generic\pgf\basiclayer\pgfcoretranspare
ncy.code.tex")
("C:\Program Files (x86)\MiKTeX 2.9\tex\generic\pgf\basiclayer\pgfcorepatterns.
code.tex")))
("C:\Program Files (x86)\MiKTeX 2.9\tex\generic\pgf\modules\pgfmoduleshapes.cod
e.tex")
("C:\Program Files (x86)\MiKTeX 2.9\tex\generic\pgf\modules\pgfmoduleplot.code.
tex")
("C:\Program Files (x86)\MiKTeX 2.9\tex\latex\pgf\compatibility\pgfcomp-version
-0-65.sty")
("C:\Program Files (x86)\MiKTeX 2.9\tex\latex\pgf\compatibility\pgfcomp-version
-1-18.sty"))
("C:\Program Files (x86)\MiKTeX 2.9\tex\latex\pgf\utilities\pgffor.sty"
("C:\Program Files (x86)\MiKTeX 2.9\tex\latex\pgf\utilities\pgfkeys.sty"
("C:\Program Files (x86)\MiKTeX 2.9\tex\generic\pgf\utilities\pgfkeys.code.tex"
)) ("C:\Program Files (x86)\MiKTeX 2.9\tex\latex\pgf\math\pgfmath.sty"
("C:\Program Files (x86)\MiKTeX 2.9\tex\generic\pgf\math\pgfmath.code.tex"))
("C:\Program Files (x86)\MiKTeX 2.9\tex\generic\pgf\utilities\pgffor.code.tex"
("C:\Program Files (x86)\MiKTeX 2.9\tex\generic\pgf\math\pgfmath.code.tex")))
("C:\Program Files (x86)\MiKTeX 2.9\tex\generic\pgf\frontendlayer\tikz\tikz.cod
e.tex"
("C:\Program Files (x86)\MiKTeX 2.9\tex\generic\pgf\libraries\pgflibraryplothan
dlers.code.tex")
("C:\Program Files (x86)\MiKTeX 2.9\tex\generic\pgf\modules\pgfmodulematrix.cod
e.tex")
("C:\Program Files (x86)\MiKTeX 2.9\tex\generic\pgf\frontendlayer\tikz\librarie
s\tikzlibrarytopaths.code.tex")))
("C:\Program Files (x86)\MiKTeX 2.9\tex\latex\circuitikz\circuitikz.sty"
("C:\Program Files (x86)\MiKTeX 2.9\tex\generic\pgf\frontendlayer\tikz\librarie
s\tikzlibrarycalc.code.tex")
("C:\Program Files (x86)\MiKTeX 2.9\tex\generic\pgf\libraries\pgflibraryarrows.
code.tex")
("C:\Program Files (x86)\MiKTeX 2.9\tex\generic\circuitikz\pgfcirc.defines.tex"
) ("C:\Program Files (x86)\MiKTeX 2.9\tex\generic\circuitikz\pgfcircutils.tex")
("C:\Program Files (x86)\MiKTeX 2.9\tex\generic\circuitikz\pgfcircmath.tex")
("C:\Program Files (x86)\MiKTeX 2.9\tex\generic\circuitikz\pgfcircshapes.tex")
("C:\Program Files (x86)\MiKTeX 2.9\tex\generic\circuitikz\pgfcircmonopoles.tex
") ("C:\Program Files (x86)\MiKTeX 2.9\tex\generic\circuitikz\pgfcircbipoles.te
x")
("C:\Program Files (x86)\MiKTeX 2.9\tex\generic\circuitikz\pgfcirctripoles.tex"
)
("C:\Program Files (x86)\MiKTeX 2.9\tex\generic\circuitikz\pgfcircquadpoles.tex
") ("C:\Program Files (x86)\MiKTeX 2.9\tex\generic\circuitikz\pgfcirclabel.tex"
) ("C:\Program Files (x86)\MiKTeX 2.9\tex\generic\circuitikz\pgfcircvoltage.tex
") ("C:\Program Files (x86)\MiKTeX 2.9\tex\generic\circuitikz\pgfcirccurrent.te
x") ("C:\Program Files (x86)\MiKTeX 2.9\tex\generic\circuitikz\pgfcircpath.tex"
)) ("C:\Program Files (x86)\MiKTeX 2.9\tex\latex\animate\animate.sty"
("C:\Program Files (x86)\MiKTeX 2.9\tex\latex\oberdiek\ifdraft.sty")
("C:\Program Files (x86)\MiKTeX 2.9\tex\latex\tools\calc.sty")
("C:\Program Files (x86)\MiKTeX 2.9\tex\latex\oberdiek\atenddvi.sty"
("C:\Program Files (x86)\MiKTeX 2.9\tex\latex\oberdiek\zref-abspage.sty"
("C:\Program Files (x86)\MiKTeX 2.9\tex\latex\oberdiek\zref-base.sty"))
("C:\Program Files (x86)\MiKTeX 2.9\tex\latex\oberdiek\zref-lastpage.sty"))
("C:\Program Files (x86)\MiKTeX 2.9\tex\latex\media9\pdfbase.sty"
("C:\Program Files (x86)\MiKTeX 2.9\tex\latex\l3kernel\expl3.sty"
("C:\Program Files (x86)\MiKTeX 2.9\tex\latex\l3kernel\expl3-code.tex")
("C:\Program Files (x86)\MiKTeX 2.9\tex\latex\l3kernel\l3pdfmode.def"))
("C:\Program Files (x86)\MiKTeX 2.9\tex\latex\l3packages\l3keys2e\l3keys2e.sty"
)) ("C:\Program Files (x86)\MiKTeX 2.9\tex\latex\ocgx2\ocgbase.sty")
("C:\Program Files (x86)\MiKTeX 2.9\tex\context\base\supp-pdf.mkii"
[Loading MPS to PDF converter (version 2006.09.02).]
)) ("C:\Program Files (x86)\MiKTeX 2.9\tex\latex\listings\listings.sty"
("C:\Program Files (x86)\MiKTeX 2.9\tex\latex\listings\lstmisc.sty")
("C:\Program Files (x86)\MiKTeX 2.9\tex\latex\listings\listings.cfg"))
("C:\Program Files (x86)\MiKTeX 2.9\tex\latex\fancyhdr\fancyhdr.sty")

Package Fancyhdr Warning: \fancyhead's `E' option without twoside option is use
less on input line 15.


Package Fancyhdr Warning: \fancyhead's `E' option without twoside option is use
less on input line 15.

(../Preamble/Administrative.sty

LaTeX Warning: You have requested package `../Preamble/Administrative',
               but the package provides `Preamble/Administrative'.

)
\@input{Backpages/Acronyms.aux}
(Backpages/Acronyms.tex)
\@input{Backpages/Glosary.aux}
(Backpages/Glosary.tex)
("C:\Program Files (x86)\MiKTeX 2.9\tex\latex\biblatex\lbx\spanish.lbx")

Package biblatex Warning: 'babel/polyglossia' detected but 'csquotes' missing.
(biblatex)                Loading 'csquotes' recommended.

(Thesis.aux (Frontpages/Title.aux) (Frontpages/Abstract.aux)
(Frontpages/Acknowledgements.aux) (Frontpages/Dedication.aux)
(Frontpages/FunnyQuotePage.aux) (Chapters/01-Introduccion.aux)
(Chapters/02-MarcoTeorico.aux) (Chapters/03-DesarrolloDelProyecto.aux)
(Chapters/04-Resultados.aux) (Chapters/05-Conclusiones.aux)
(Backpages/Anexo-A.aux) (Backpages/Anexo-B.aux))
("C:\Program Files (x86)\MiKTeX 2.9\tex\latex\base\ts1cmr.fd")
("C:\Program Files (x86)\MiKTeX 2.9\tex\latex\lm\t1lmr.fd")
*geometry* driver: auto-detecting
*geometry* detected driver: pdftex
("C:\Program Files (x86)\MiKTeX 2.9\tex\latex\caption\ltcaption.sty")
(Thesis.bbl) ("C:\Program Files (x86)\MiKTeX 2.9\tex\latex\hyperref\nameref.sty
" ("C:\Program Files (x86)\MiKTeX 2.9\tex\generic\oberdiek\gettitlestring.sty")
) (Thesis.out) (Thesis.out) (Thesis.glsdefs)
ABD: EveryShipout initializing macros (Frontpages/Title.tex
<Figures/logoumsa.png, id=84, 62.48344pt x 126.4725pt>
<use Figures/logoumsa.png>
("C:\Program Files (x86)\MiKTeX 2.9\tex\latex\lm\ot1lmr.fd")
("C:\Program Files (x86)\MiKTeX 2.9\tex\latex\lm\omllmm.fd")
("C:\Program Files (x86)\MiKTeX 2.9\tex\latex\lm\omslmsy.fd")
("C:\Program Files (x86)\MiKTeX 2.9\tex\latex\lm\omxlmex.fd")
("C:\Program Files (x86)\MiKTeX 2.9\tex\latex\amsfonts\umsa.fd")
("C:\Program Files (x86)\MiKTeX 2.9\tex\latex\amsfonts\umsb.fd")
("C:\Program Files (x86)\MiKTeX 2.9\tex\latex\base\ulasy.fd")
("C:\Program Files (x86)\MiKTeX 2.9\tex\latex\lm\ts1lmr.fd") [1{C:/Users/zurits
/AppData/Local/MiKTeX/2.9/pdftex/config/pdftex.map} <./Figures/logoumsa.png>])
(Frontpages/Abstract.tex) [1] (Frontpages/Acknowledgements.tex) [2]
(Frontpages/Dedication.tex) [3] (Frontpages/FunnyQuotePage.tex) [4] (Thesis.toc

LaTeX Font Warning: Font shape `T1/lmr/bx/sc' undefined
(Font)              using `T1/lmr/bx/n' instead on input line 5.


Package spanish Warning: Replacing `T1/lmr/bx/sc' by 
(spanish)                faked small caps on input line 5.


Package spanish Warning: Replacing `T1/lmr/bx/sc' by 
(spanish)                faked small caps on input line 7.


Package spanish Warning: Replacing `T1/lmr/bx/sc' by 
(spanish)                faked small caps on input line 11.


Package spanish Warning: Replacing `T1/lmr/bx/sc' by 
(spanish)                faked small caps on input line 13.


Package spanish Warning: Replacing `T1/lmr/bx/sc' by 
(spanish)                faked small caps on input line 15.


Package spanish Warning: Replacing `T1/lmr/bx/sc' by 
(spanish)                faked small caps on input line 17.


Package spanish Warning: Replacing `T1/lmr/bx/sc' by 
(spanish)                faked small caps on input line 19.

) [5] (Thesis.lof) [6] (Thesis.lot) [7] (Thesis.lol) [8] (Thesis.loa) [9]
(Chapters/01-Introduccion.tex
Cap\IeC {\'\i }tulo 1.
) [1] (Chapters/02-MarcoTeorico.tex
Cap\IeC {\'\i }tulo 2.
) [2] (Chapters/03-DesarrolloDelProyecto.tex
Cap\IeC {\'\i }tulo 3.
) [3] (Chapters/04-Resultados.tex
Cap\IeC {\'\i }tulo 4.
) [4] (Chapters/05-Conclusiones.tex
Cap\IeC {\'\i }tulo 5.
) [5]This is makeindex, version 2.15 [MiKTeX 2.9.6100] (kpathsea + Thai support).
Scanning input file Thesis.idx...done (0 entries accepted, 0 rejected).
Nothing written in Thesis.ind.
Transcript written in Thesis.ilg.


LaTeX Warning: Empty bibliography on input line 69.

(Thesis.ind) (Thesis.acr) (Thesis.gls) [6] (Backpages/Anexo-A.tex) [7]
(Backpages/Anexo-B.tex) [8] (Thesis.aux (Frontpages/Title.aux)
(Frontpages/Abstract.aux) (Frontpages/Acknowledgements.aux)
(Frontpages/Dedication.aux) (Frontpages/FunnyQuotePage.aux)
(Chapters/01-Introduccion.aux) (Chapters/02-MarcoTeorico.aux)
(Chapters/03-DesarrolloDelProyecto.aux) (Chapters/04-Resultados.aux)
(Chapters/05-Conclusiones.aux) (Backpages/Anexo-A.aux) (Backpages/Anexo-B.aux))

LaTeX Font Warning: Some font shapes were not available, defaults substituted.

 )
(\end occurred inside a group at level 1)

### simple group (level 1) entered at line 1061 ({)
### bottom level{C:/Program Files (x86)/MiKTeX 2.9/fonts/enc/dvips/lm/lm-ec.enc
}<C:/Program Files (x86)/MiKTeX 2.9/fonts/type1/public/lm/lmbx10.pfb><C:/Progra
m Files (x86)/MiKTeX 2.9/fonts/type1/public/lm/lmbx12.pfb><C:/Program Files (x8
6)/MiKTeX 2.9/fonts/type1/public/lm/lmbx7.pfb><C:/Program Files (x86)/MiKTeX 2.
9/fonts/type1/public/lm/lmbxi10.pfb><C:/Program Files (x86)/MiKTeX 2.9/fonts/ty
pe1/public/lm/lmcsc10.pfb><C:/Program Files (x86)/MiKTeX 2.9/fonts/type1/public
/lm/lmr10.pfb><C:/Program Files (x86)/MiKTeX 2.9/fonts/type1/public/lm/lmr12.pf
b><C:/Program Files (x86)/MiKTeX 2.9/fonts/type1/public/lm/lmri10.pfb><C:/Progr
am Files (x86)/MiKTeX 2.9/fonts/type1/public/lm/lmri12.pfb>
Output written on Thesis.pdf (18 pages, 269429 bytes).
SyncTeX written on Thesis.synctex.gz.
Transcript written on Thesis.log.

26 Nov 2016 11:37:42.246 INFO  CommandTrigger - 'PDFLaTeX' was successfully executed.
26 Nov 2016 11:37:42.246 INFO  CommandTrigger - All commands were successfully executed.
26 Nov 2016 11:37:42.247 INFO  Arara - Done.
